 Alpine Expression Error: r.call(...).catch is not a function

Expression: "{ sidebarCollapsed: false }"

 
ne @ vendor-alpine-__Ryc2wW.js:1
_r @ vendor-alpine-__Ryc2wW.js:1
L @ vendor-alpine-__Ryc2wW.js:5
(anonymous) @ vendor-alpine-__Ryc2wW.js:5
n @ vendor-alpine-__Ryc2wW.js:5
r @ vendor-alpine-__Ryc2wW.js:5
mr @ vendor-alpine-__Ryc2wW.js:5
C @ vendor-alpine-__Ryc2wW.js:5
(anonymous) @ vendor-alpine-__Ryc2wW.js:5
Ar @ vendor-alpine-__Ryc2wW.js:5
(anonymous) @ app-Ch4PinNM.js:1
 Alpine Expression Error: r.call(...).catch is not a function

Expression: "{ 
         collapsed: false,
         mobileOpen: false
     }"

 
ne @ vendor-alpine-__Ryc2wW.js:1
_r @ vendor-alpine-__Ryc2wW.js:1
L @ vendor-alpine-__Ryc2wW.js:5
(anonymous) @ vendor-alpine-__Ryc2wW.js:5
n @ vendor-alpine-__Ryc2wW.js:5
r @ vendor-alpine-__Ryc2wW.js:5
mr @ vendor-alpine-__Ryc2wW.js:5
C @ vendor-alpine-__Ryc2wW.js:5
(anonymous) @ vendor-alpine-__Ryc2wW.js:5
Ar @ vendor-alpine-__Ryc2wW.js:5
(anonymous) @ app-Ch4PinNM.js:1
 Alpine Expression Error: collapsed is not defined

Expression: "{ 
         'sidebar-collapsed': collapsed, 
         'sidebar-expanded': !collapsed,
         'sidebar-mobile-open': mobileOpen 
     }"

 
ne @ vendor-alpine-__Ryc2wW.js:1
_r @ vendor-alpine-__Ryc2wW.js:1
(anonymous) @ vendor-alpine-__Ryc2wW.js:5
n @ vendor-alpine-__Ryc2wW.js:5
gi @ vendor-alpine-__Ryc2wW.js:5
B @ vendor-alpine-__Ryc2wW.js:1
(anonymous) @ vendor-alpine-__Ryc2wW.js:1
Hn @ vendor-alpine-__Ryc2wW.js:5
n @ vendor-alpine-__Ryc2wW.js:5
r @ vendor-alpine-__Ryc2wW.js:5
mr @ vendor-alpine-__Ryc2wW.js:5
C @ vendor-alpine-__Ryc2wW.js:5
(anonymous) @ vendor-alpine-__Ryc2wW.js:5
Ar @ vendor-alpine-__Ryc2wW.js:5
(anonymous) @ app-Ch4PinNM.js:1
 Alpine Expression Error: collapsed is not defined

Expression: "!collapsed"

 
ne @ vendor-alpine-__Ryc2wW.js:1
_r @ vendor-alpine-__Ryc2wW.js:1
(anonymous) @ vendor-alpine-__Ryc2wW.js:5
n @ vendor-alpine-__Ryc2wW.js:5
gi @ vendor-alpine-__Ryc2wW.js:5
B @ vendor-alpine-__Ryc2wW.js:1
(anonymous) @ vendor-alpine-__Ryc2wW.js:1
(anonymous) @ vendor-alpine-__Ryc2wW.js:5
n @ vendor-alpine-__Ryc2wW.js:5
r @ vendor-alpine-__Ryc2wW.js:5
mr @ vendor-alpine-__Ryc2wW.js:5
C @ vendor-alpine-__Ryc2wW.js:5
(anonymous) @ vendor-alpine-__Ryc2wW.js:5
Ar @ vendor-alpine-__Ryc2wW.js:5
(anonymous) @ app-Ch4PinNM.js:1
 Alpine Expression Error: collapsed is not defined

Expression: "!collapsed"

 
ne @ vendor-alpine-__Ryc2wW.js:1
_r @ vendor-alpine-__Ryc2wW.js:1
(anonymous) @ vendor-alpine-__Ryc2wW.js:5
n @ vendor-alpine-__Ryc2wW.js:5
gi @ vendor-alpine-__Ryc2wW.js:5
B @ vendor-alpine-__Ryc2wW.js:1
(anonymous) @ vendor-alpine-__Ryc2wW.js:1
(anonymous) @ vendor-alpine-__Ryc2wW.js:5
n @ vendor-alpine-__Ryc2wW.js:5
r @ vendor-alpine-__Ryc2wW.js:5
mr @ vendor-alpine-__Ryc2wW.js:5
C @ vendor-alpine-__Ryc2wW.js:5
(anonymous) @ vendor-alpine-__Ryc2wW.js:5
Ar @ vendor-alpine-__Ryc2wW.js:5
(anonymous) @ app-Ch4PinNM.js:1
 Alpine Expression Error: collapsed is not defined

Expression: "collapsed"

 
ne @ vendor-alpine-__Ryc2wW.js:1
_r @ vendor-alpine-__Ryc2wW.js:1
(anonymous) @ vendor-alpine-__Ryc2wW.js:5
n @ vendor-alpine-__Ryc2wW.js:5
gi @ vendor-alpine-__Ryc2wW.js:5
B @ vendor-alpine-__Ryc2wW.js:1
(anonymous) @ vendor-alpine-__Ryc2wW.js:1
(anonymous) @ vendor-alpine-__Ryc2wW.js:5
n @ vendor-alpine-__Ryc2wW.js:5
r @ vendor-alpine-__Ryc2wW.js:5
mr @ vendor-alpine-__Ryc2wW.js:5
C @ vendor-alpine-__Ryc2wW.js:5
(anonymous) @ vendor-alpine-__Ryc2wW.js:5
Ar @ vendor-alpine-__Ryc2wW.js:5
(anonymous) @ app-Ch4PinNM.js:1
 Alpine Expression Error: collapsed is not defined

Expression: "!collapsed"

 
ne @ vendor-alpine-__Ryc2wW.js:1
_r @ vendor-alpine-__Ryc2wW.js:1
(anonymous) @ vendor-alpine-__Ryc2wW.js:5
n @ vendor-alpine-__Ryc2wW.js:5
gi @ vendor-alpine-__Ryc2wW.js:5
B @ vendor-alpine-__Ryc2wW.js:1
(anonymous) @ vendor-alpine-__Ryc2wW.js:1
(anonymous) @ vendor-alpine-__Ryc2wW.js:5
n @ vendor-alpine-__Ryc2wW.js:5
r @ vendor-alpine-__Ryc2wW.js:5
mr @ vendor-alpine-__Ryc2wW.js:5
C @ vendor-alpine-__Ryc2wW.js:5
(anonymous) @ vendor-alpine-__Ryc2wW.js:5
Ar @ vendor-alpine-__Ryc2wW.js:5
(anonymous) @ app-Ch4PinNM.js:1
vendor-alpine-__Ryc2wW.js:1 Alpine Expression Error: collapsed is not defined

Expression: "!collapsed"

 <span x-show=​"!collapsed">​Program​</span>​
ne @ vendor-alpine-__Ryc2wW.js:1
_r @ vendor-alpine-__Ryc2wW.js:1
(anonymous) @ vendor-alpine-__Ryc2wW.js:5
n @ vendor-alpine-__Ryc2wW.js:5
gi @ vendor-alpine-__Ryc2wW.js:5
B @ vendor-alpine-__Ryc2wW.js:1
(anonymous) @ vendor-alpine-__Ryc2wW.js:1
(anonymous) @ vendor-alpine-__Ryc2wW.js:5
n @ vendor-alpine-__Ryc2wW.js:5
r @ vendor-alpine-__Ryc2wW.js:5
mr @ vendor-alpine-__Ryc2wW.js:5
C @ vendor-alpine-__Ryc2wW.js:5
(anonymous) @ vendor-alpine-__Ryc2wW.js:5
Ar @ vendor-alpine-__Ryc2wW.js:5
(anonymous) @ app-Ch4PinNM.js:1
vendor-alpine-__Ryc2wW.js:1 Alpine Expression Error: collapsed is not defined

Expression: "!collapsed"

 <span x-show=​"!collapsed">​Log Pemandu​</span>​
ne @ vendor-alpine-__Ryc2wW.js:1
_r @ vendor-alpine-__Ryc2wW.js:1
(anonymous) @ vendor-alpine-__Ryc2wW.js:5
n @ vendor-alpine-__Ryc2wW.js:5
gi @ vendor-alpine-__Ryc2wW.js:5
B @ vendor-alpine-__Ryc2wW.js:1
(anonymous) @ vendor-alpine-__Ryc2wW.js:1
(anonymous) @ vendor-alpine-__Ryc2wW.js:5
n @ vendor-alpine-__Ryc2wW.js:5
r @ vendor-alpine-__Ryc2wW.js:5
mr @ vendor-alpine-__Ryc2wW.js:5
C @ vendor-alpine-__Ryc2wW.js:5
(anonymous) @ vendor-alpine-__Ryc2wW.js:5
Ar @ vendor-alpine-__Ryc2wW.js:5
(anonymous) @ app-Ch4PinNM.js:1
vendor-alpine-__Ryc2wW.js:1 Alpine Expression Error: r.call(...).catch is not a function

Expression: "{ 
                    open: false, 
                    hovered: false,
                    init() {
                        this.$watch('collapsed', value => {
                            if(value) {
                                this.hovered = false;
                                this.open = false;
                            }
                        })
                    }
                 }"

 <div x-data=​"{ 
                    open:​ false, 
                    hovered:​ false,
                    init()​ {
                        this.$watch('collapsed', value => {
                            if(value)​ {
                                this.hovered = false;​
                                this.open = false;​
                            }​
                        }​)​
                    }​
                 }​" class=​"relative" @mouseenter=​"hovered = collapsed" @mouseleave=​"hovered = false">​…​</div>​
ne @ vendor-alpine-__Ryc2wW.js:1
_r @ vendor-alpine-__Ryc2wW.js:1
L @ vendor-alpine-__Ryc2wW.js:5
(anonymous) @ vendor-alpine-__Ryc2wW.js:5
n @ vendor-alpine-__Ryc2wW.js:5
r @ vendor-alpine-__Ryc2wW.js:5
mr @ vendor-alpine-__Ryc2wW.js:5
C @ vendor-alpine-__Ryc2wW.js:5
(anonymous) @ vendor-alpine-__Ryc2wW.js:5
Ar @ vendor-alpine-__Ryc2wW.js:5
(anonymous) @ app-Ch4PinNM.js:1
vendor-alpine-__Ryc2wW.js:1 Alpine Expression Error: collapsed is not defined

Expression: "!collapsed"

 <span x-show=​"!collapsed" class=​"flex-1">​Laporan​</span>​
ne @ vendor-alpine-__Ryc2wW.js:1
_r @ vendor-alpine-__Ryc2wW.js:1
(anonymous) @ vendor-alpine-__Ryc2wW.js:5
n @ vendor-alpine-__Ryc2wW.js:5
gi @ vendor-alpine-__Ryc2wW.js:5
B @ vendor-alpine-__Ryc2wW.js:1
(anonymous) @ vendor-alpine-__Ryc2wW.js:1
(anonymous) @ vendor-alpine-__Ryc2wW.js:5
n @ vendor-alpine-__Ryc2wW.js:5
r @ vendor-alpine-__Ryc2wW.js:5
mr @ vendor-alpine-__Ryc2wW.js:5
C @ vendor-alpine-__Ryc2wW.js:5
(anonymous) @ vendor-alpine-__Ryc2wW.js:5
Ar @ vendor-alpine-__Ryc2wW.js:5
(anonymous) @ app-Ch4PinNM.js:1
vendor-alpine-__Ryc2wW.js:1 Alpine Expression Error: collapsed is not defined

Expression: "!collapsed && !open"

 <svg x-show=​"!collapsed && !open" class=​"ml-auto h-4 w-4 transition-all" fill=​"none" stroke=​"currentColor" viewBox=​"0 0 24 24">​…​</svg>​
ne @ vendor-alpine-__Ryc2wW.js:1
_r @ vendor-alpine-__Ryc2wW.js:1
(anonymous) @ vendor-alpine-__Ryc2wW.js:5
n @ vendor-alpine-__Ryc2wW.js:5
gi @ vendor-alpine-__Ryc2wW.js:5
B @ vendor-alpine-__Ryc2wW.js:1
(anonymous) @ vendor-alpine-__Ryc2wW.js:1
(anonymous) @ vendor-alpine-__Ryc2wW.js:5
n @ vendor-alpine-__Ryc2wW.js:5
r @ vendor-alpine-__Ryc2wW.js:5
mr @ vendor-alpine-__Ryc2wW.js:5
C @ vendor-alpine-__Ryc2wW.js:5
(anonymous) @ vendor-alpine-__Ryc2wW.js:5
Ar @ vendor-alpine-__Ryc2wW.js:5
(anonymous) @ app-Ch4PinNM.js:1
vendor-alpine-__Ryc2wW.js:1 Alpine Expression Error: collapsed is not defined

Expression: "!collapsed && open"

 <svg x-show=​"!collapsed && open" class=​"ml-auto h-4 w-4 transition-all" fill=​"none" stroke=​"currentColor" viewBox=​"0 0 24 24">​…​</svg>​
ne @ vendor-alpine-__Ryc2wW.js:1
_r @ vendor-alpine-__Ryc2wW.js:1
(anonymous) @ vendor-alpine-__Ryc2wW.js:5
n @ vendor-alpine-__Ryc2wW.js:5
gi @ vendor-alpine-__Ryc2wW.js:5
B @ vendor-alpine-__Ryc2wW.js:1
(anonymous) @ vendor-alpine-__Ryc2wW.js:1
(anonymous) @ vendor-alpine-__Ryc2wW.js:5
n @ vendor-alpine-__Ryc2wW.js:5
r @ vendor-alpine-__Ryc2wW.js:5
mr @ vendor-alpine-__Ryc2wW.js:5
C @ vendor-alpine-__Ryc2wW.js:5
(anonymous) @ vendor-alpine-__Ryc2wW.js:5
Ar @ vendor-alpine-__Ryc2wW.js:5
(anonymous) @ app-Ch4PinNM.js:1
vendor-alpine-__Ryc2wW.js:1 Alpine Expression Error: collapsed is not defined

Expression: "collapsed ? 'submenu-dropdown' : 'submenu-container space-y-1'"

 <div x-show=​"(collapsed && hovered)​ || (!collapsed && open)​" x-transition :class=​"collapsed ? 'submenu-dropdown' :​ 'submenu-container space-y-1'">​…​</div>​
ne @ vendor-alpine-__Ryc2wW.js:1
_r @ vendor-alpine-__Ryc2wW.js:1
(anonymous) @ vendor-alpine-__Ryc2wW.js:5
n @ vendor-alpine-__Ryc2wW.js:5
gi @ vendor-alpine-__Ryc2wW.js:5
B @ vendor-alpine-__Ryc2wW.js:1
(anonymous) @ vendor-alpine-__Ryc2wW.js:1
Hn @ vendor-alpine-__Ryc2wW.js:5
n @ vendor-alpine-__Ryc2wW.js:5
r @ vendor-alpine-__Ryc2wW.js:5
mr @ vendor-alpine-__Ryc2wW.js:5
C @ vendor-alpine-__Ryc2wW.js:5
(anonymous) @ vendor-alpine-__Ryc2wW.js:5
Ar @ vendor-alpine-__Ryc2wW.js:5
(anonymous) @ app-Ch4PinNM.js:1
vendor-alpine-__Ryc2wW.js:1 Alpine Expression Error: collapsed is not defined

Expression: "(collapsed && hovered) || (!collapsed && open)"

 <div x-show=​"(collapsed && hovered)​ || (!collapsed && open)​" x-transition :class=​"collapsed ? 'submenu-dropdown' :​ 'submenu-container space-y-1'">​…​</div>​
ne @ vendor-alpine-__Ryc2wW.js:1
_r @ vendor-alpine-__Ryc2wW.js:1
(anonymous) @ vendor-alpine-__Ryc2wW.js:5
n @ vendor-alpine-__Ryc2wW.js:5
gi @ vendor-alpine-__Ryc2wW.js:5
B @ vendor-alpine-__Ryc2wW.js:1
(anonymous) @ vendor-alpine-__Ryc2wW.js:1
(anonymous) @ vendor-alpine-__Ryc2wW.js:5
n @ vendor-alpine-__Ryc2wW.js:5
r @ vendor-alpine-__Ryc2wW.js:5
mr @ vendor-alpine-__Ryc2wW.js:5
C @ vendor-alpine-__Ryc2wW.js:5
(anonymous) @ vendor-alpine-__Ryc2wW.js:5
Ar @ vendor-alpine-__Ryc2wW.js:5
(anonymous) @ app-Ch4PinNM.js:1
vendor-alpine-__Ryc2wW.js:1 Alpine Expression Error: r.call(...).catch is not a function

Expression: "{ 
                    open: false, 
                    hovered: false,
                    init() {
                        this.$watch('collapsed', value => {
                            if(value) {
                                this.hovered = false;
                                this.open = false;
                            }
                        })
                    }
                 }"

 <div x-data=​"{ 
                    open:​ false, 
                    hovered:​ false,
                    init()​ {
                        this.$watch('collapsed', value => {
                            if(value)​ {
                                this.hovered = false;​
                                this.open = false;​
                            }​
                        }​)​
                    }​
                 }​" class=​"relative" @mouseenter=​"hovered = collapsed" @mouseleave=​"hovered = false">​…​</div>​
ne @ vendor-alpine-__Ryc2wW.js:1
_r @ vendor-alpine-__Ryc2wW.js:1
L @ vendor-alpine-__Ryc2wW.js:5
(anonymous) @ vendor-alpine-__Ryc2wW.js:5
n @ vendor-alpine-__Ryc2wW.js:5
r @ vendor-alpine-__Ryc2wW.js:5
mr @ vendor-alpine-__Ryc2wW.js:5
C @ vendor-alpine-__Ryc2wW.js:5
(anonymous) @ vendor-alpine-__Ryc2wW.js:5
Ar @ vendor-alpine-__Ryc2wW.js:5
(anonymous) @ app-Ch4PinNM.js:1
vendor-alpine-__Ryc2wW.js:1 Alpine Expression Error: collapsed is not defined

Expression: "!collapsed"

 <span x-show=​"!collapsed" class=​"flex-1">​Pengurusan​</span>​
ne @ vendor-alpine-__Ryc2wW.js:1
_r @ vendor-alpine-__Ryc2wW.js:1
(anonymous) @ vendor-alpine-__Ryc2wW.js:5
n @ vendor-alpine-__Ryc2wW.js:5
gi @ vendor-alpine-__Ryc2wW.js:5
B @ vendor-alpine-__Ryc2wW.js:1
(anonymous) @ vendor-alpine-__Ryc2wW.js:1
(anonymous) @ vendor-alpine-__Ryc2wW.js:5
n @ vendor-alpine-__Ryc2wW.js:5
r @ vendor-alpine-__Ryc2wW.js:5
mr @ vendor-alpine-__Ryc2wW.js:5
C @ vendor-alpine-__Ryc2wW.js:5
(anonymous) @ vendor-alpine-__Ryc2wW.js:5
Ar @ vendor-alpine-__Ryc2wW.js:5
(anonymous) @ app-Ch4PinNM.js:1
vendor-alpine-__Ryc2wW.js:1 Alpine Expression Error: collapsed is not defined

Expression: "!collapsed && !open"

 <svg x-show=​"!collapsed && !open" class=​"ml-auto h-4 w-4 transition-all" fill=​"none" stroke=​"currentColor" viewBox=​"0 0 24 24">​…​</svg>​
ne @ vendor-alpine-__Ryc2wW.js:1
_r @ vendor-alpine-__Ryc2wW.js:1
(anonymous) @ vendor-alpine-__Ryc2wW.js:5
n @ vendor-alpine-__Ryc2wW.js:5
gi @ vendor-alpine-__Ryc2wW.js:5
B @ vendor-alpine-__Ryc2wW.js:1
(anonymous) @ vendor-alpine-__Ryc2wW.js:1
(anonymous) @ vendor-alpine-__Ryc2wW.js:5
n @ vendor-alpine-__Ryc2wW.js:5
r @ vendor-alpine-__Ryc2wW.js:5
mr @ vendor-alpine-__Ryc2wW.js:5
C @ vendor-alpine-__Ryc2wW.js:5
(anonymous) @ vendor-alpine-__Ryc2wW.js:5
Ar @ vendor-alpine-__Ryc2wW.js:5
(anonymous) @ app-Ch4PinNM.js:1
vendor-alpine-__Ryc2wW.js:1 Alpine Expression Error: collapsed is not defined

Expression: "!collapsed && open"

 <svg x-show=​"!collapsed && open" class=​"ml-auto h-4 w-4 transition-all" fill=​"none" stroke=​"currentColor" viewBox=​"0 0 24 24">​…​</svg>​
ne @ vendor-alpine-__Ryc2wW.js:1
_r @ vendor-alpine-__Ryc2wW.js:1
(anonymous) @ vendor-alpine-__Ryc2wW.js:5
n @ vendor-alpine-__Ryc2wW.js:5
gi @ vendor-alpine-__Ryc2wW.js:5
B @ vendor-alpine-__Ryc2wW.js:1
(anonymous) @ vendor-alpine-__Ryc2wW.js:1
(anonymous) @ vendor-alpine-__Ryc2wW.js:5
n @ vendor-alpine-__Ryc2wW.js:5
r @ vendor-alpine-__Ryc2wW.js:5
mr @ vendor-alpine-__Ryc2wW.js:5
C @ vendor-alpine-__Ryc2wW.js:5
(anonymous) @ vendor-alpine-__Ryc2wW.js:5
Ar @ vendor-alpine-__Ryc2wW.js:5
(anonymous) @ app-Ch4PinNM.js:1
vendor-alpine-__Ryc2wW.js:1 Alpine Expression Error: collapsed is not defined

Expression: "collapsed ? 'submenu-dropdown' : 'submenu-container space-y-1'"

 <div x-show=​"(collapsed && hovered)​ || (!collapsed && open)​" x-transition :class=​"collapsed ? 'submenu-dropdown' :​ 'submenu-container space-y-1'">​…​</div>​
ne @ vendor-alpine-__Ryc2wW.js:1
_r @ vendor-alpine-__Ryc2wW.js:1
(anonymous) @ vendor-alpine-__Ryc2wW.js:5
n @ vendor-alpine-__Ryc2wW.js:5
gi @ vendor-alpine-__Ryc2wW.js:5
B @ vendor-alpine-__Ryc2wW.js:1
(anonymous) @ vendor-alpine-__Ryc2wW.js:1
Hn @ vendor-alpine-__Ryc2wW.js:5
n @ vendor-alpine-__Ryc2wW.js:5
r @ vendor-alpine-__Ryc2wW.js:5
mr @ vendor-alpine-__Ryc2wW.js:5
C @ vendor-alpine-__Ryc2wW.js:5
(anonymous) @ vendor-alpine-__Ryc2wW.js:5
Ar @ vendor-alpine-__Ryc2wW.js:5
(anonymous) @ app-Ch4PinNM.js:1
vendor-alpine-__Ryc2wW.js:1 Alpine Expression Error: collapsed is not defined

Expression: "(collapsed && hovered) || (!collapsed && open)"

 <div x-show=​"(collapsed && hovered)​ || (!collapsed && open)​" x-transition :class=​"collapsed ? 'submenu-dropdown' :​ 'submenu-container space-y-1'">​…​</div>​
ne @ vendor-alpine-__Ryc2wW.js:1
_r @ vendor-alpine-__Ryc2wW.js:1
(anonymous) @ vendor-alpine-__Ryc2wW.js:5
n @ vendor-alpine-__Ryc2wW.js:5
gi @ vendor-alpine-__Ryc2wW.js:5
B @ vendor-alpine-__Ryc2wW.js:1
(anonymous) @ vendor-alpine-__Ryc2wW.js:1
(anonymous) @ vendor-alpine-__Ryc2wW.js:5
n @ vendor-alpine-__Ryc2wW.js:5
r @ vendor-alpine-__Ryc2wW.js:5
mr @ vendor-alpine-__Ryc2wW.js:5
C @ vendor-alpine-__Ryc2wW.js:5
(anonymous) @ vendor-alpine-__Ryc2wW.js:5
Ar @ vendor-alpine-__Ryc2wW.js:5
(anonymous) @ app-Ch4PinNM.js:1
vendor-alpine-__Ryc2wW.js:1 Alpine Expression Error: r.call(...).catch is not a function

Expression: "{ showOverlay: false }"

 <div x-data=​"{ showOverlay:​ false }​" x-show=​"showOverlay" @toggle-mobile-menu.window=​"showOverlay = !showOverlay" @close-mobile-menu.window=​"showOverlay = false" @click=​"$dispatch('close-mobile-menu')​" class=​"sidebar-overlay md:​hidden" x-transition:enter=​"transition-opacity ease-linear duration-300" x-transition:enter-start=​"opacity-0" x-transition:enter-end=​"opacity-100" x-transition:leave=​"transition-opacity ease-linear duration-300" x-transition:leave-start=​"opacity-100" x-transition:leave-end=​"opacity-0" style=​"pointer-events:​ auto;​">​ ​</div>​
ne @ vendor-alpine-__Ryc2wW.js:1
_r @ vendor-alpine-__Ryc2wW.js:1
L @ vendor-alpine-__Ryc2wW.js:5
(anonymous) @ vendor-alpine-__Ryc2wW.js:5
n @ vendor-alpine-__Ryc2wW.js:5
r @ vendor-alpine-__Ryc2wW.js:5
mr @ vendor-alpine-__Ryc2wW.js:5
C @ vendor-alpine-__Ryc2wW.js:5
(anonymous) @ vendor-alpine-__Ryc2wW.js:5
Ar @ vendor-alpine-__Ryc2wW.js:5
(anonymous) @ app-Ch4PinNM.js:1
vendor-alpine-__Ryc2wW.js:1 Alpine Expression Error: showOverlay is not defined

Expression: "showOverlay"

 <div x-data=​"{ showOverlay:​ false }​" x-show=​"showOverlay" @toggle-mobile-menu.window=​"showOverlay = !showOverlay" @close-mobile-menu.window=​"showOverlay = false" @click=​"$dispatch('close-mobile-menu')​" class=​"sidebar-overlay md:​hidden" x-transition:enter=​"transition-opacity ease-linear duration-300" x-transition:enter-start=​"opacity-0" x-transition:enter-end=​"opacity-100" x-transition:leave=​"transition-opacity ease-linear duration-300" x-transition:leave-start=​"opacity-100" x-transition:leave-end=​"opacity-0" style=​"pointer-events:​ auto;​">​ ​</div>​
ne @ vendor-alpine-__Ryc2wW.js:1
_r @ vendor-alpine-__Ryc2wW.js:1
(anonymous) @ vendor-alpine-__Ryc2wW.js:5
n @ vendor-alpine-__Ryc2wW.js:5
gi @ vendor-alpine-__Ryc2wW.js:5
B @ vendor-alpine-__Ryc2wW.js:1
(anonymous) @ vendor-alpine-__Ryc2wW.js:1
(anonymous) @ vendor-alpine-__Ryc2wW.js:5
n @ vendor-alpine-__Ryc2wW.js:5
r @ vendor-alpine-__Ryc2wW.js:5
mr @ vendor-alpine-__Ryc2wW.js:5
C @ vendor-alpine-__Ryc2wW.js:5
(anonymous) @ vendor-alpine-__Ryc2wW.js:5
Ar @ vendor-alpine-__Ryc2wW.js:5
(anonymous) @ app-Ch4PinNM.js:1
vendor-alpine-__Ryc2wW.js:1 Alpine Expression Error: sidebarCollapsed is not defined

Expression: "sidebarCollapsed ? 'main-content-collapsed' : 'main-content-expanded'"

 <div class=​"main-content flex flex-col flex-1" x-bind:class=​"sidebarCollapsed ? 'main-content-collapsed' :​ 'main-content-expanded'" style=​"transition:​ margin-left 0.3s ease !important;​">​…​</div>​flex
ne @ vendor-alpine-__Ryc2wW.js:1
_r @ vendor-alpine-__Ryc2wW.js:1
(anonymous) @ vendor-alpine-__Ryc2wW.js:5
n @ vendor-alpine-__Ryc2wW.js:5
gi @ vendor-alpine-__Ryc2wW.js:5
B @ vendor-alpine-__Ryc2wW.js:1
(anonymous) @ vendor-alpine-__Ryc2wW.js:1
Hn @ vendor-alpine-__Ryc2wW.js:5
n @ vendor-alpine-__Ryc2wW.js:5
r @ vendor-alpine-__Ryc2wW.js:5
mr @ vendor-alpine-__Ryc2wW.js:5
C @ vendor-alpine-__Ryc2wW.js:5
(anonymous) @ vendor-alpine-__Ryc2wW.js:5
Ar @ vendor-alpine-__Ryc2wW.js:5
(anonymous) @ app-Ch4PinNM.js:1
vendor-alpine-__Ryc2wW.js:1 Alpine Expression Error: r.call(...).catch is not a function

Expression: "{
                    time: 'Tuesday 07 October 2025 10:25:14',
                    updateTime() {
                        const now = new Date();
                        const days = ['Sunday', 'Monday', 'Tuesday', 'Wednesday', 'Thursday', 'Friday', 'Saturday'];
                        const months = ['January', 'February', 'March', 'April', 'May', 'June', 'July', 'August', 'September', 'October', 'November', 'December'];

                        const dayName = days[now.getDay()];
                        const day = now.getDate();
                        const month = months[now.getMonth()];
                        const year = now.getFullYear();
                        const hours = now.getHours().toString().padStart(2, '0');
                        const minutes = now.getMinutes().toString().padStart(2, '0');
                        const seconds = now.getSeconds().toString().padStart(2, '0');

                        this.time = `${dayName} ${day} ${month} ${year} ${hours}:${minutes}:${seconds}`;
                    }
                }"

 <span class=​"current-date" x-data=​"{
                    time:​ 'Tuesday 07 October 2025 10:​25:​14',
                    updateTime()​ {
                        const now = new Date()​;​
                        const days = ['Sunday', 'Monday', 'Tuesday', 'Wednesday', 'Thursday', 'Friday', 'Saturday']​;​
                        const months = ['January', 'February', 'March', 'April', 'May', 'June', 'July', 'August', 'September', 'October', 'November', 'December']​;​

                        const dayName = days[now.getDay()​]​;​
                        const day = now.getDate()​;​
                        const month = months[now.getMonth()​]​;​
                        const year = now.getFullYear()​;​
                        const hours = now.getHours()​.toString()​.padStart(2, '0')​;​
                        const minutes = now.getMinutes()​.toString()​.padStart(2, '0')​;​
                        const seconds = now.getSeconds()​.toString()​.padStart(2, '0')​;​

                        this.time = `${dayName}​ ${day}​ ${month}​ ${year}​ ${hours}​:​${minutes}​:​${seconds}​`;​
                    }​
                }​" x-init=​"updateTime()​;​ setInterval(()​ => updateTime()​, 1000)​" x-text=​"time">​ ​</span>​
ne @ vendor-alpine-__Ryc2wW.js:1
_r @ vendor-alpine-__Ryc2wW.js:1
L @ vendor-alpine-__Ryc2wW.js:5
(anonymous) @ vendor-alpine-__Ryc2wW.js:5
n @ vendor-alpine-__Ryc2wW.js:5
r @ vendor-alpine-__Ryc2wW.js:5
mr @ vendor-alpine-__Ryc2wW.js:5
C @ vendor-alpine-__Ryc2wW.js:5
(anonymous) @ vendor-alpine-__Ryc2wW.js:5
Ar @ vendor-alpine-__Ryc2wW.js:5
(anonymous) @ app-Ch4PinNM.js:1
vendor-alpine-__Ryc2wW.js:1 Alpine Expression Error: updateTime is not defined

Expression: "updateTime(); setInterval(() => updateTime(), 1000)"

 <span class=​"current-date" x-data=​"{
                    time:​ 'Tuesday 07 October 2025 10:​25:​14',
                    updateTime()​ {
                        const now = new Date()​;​
                        const days = ['Sunday', 'Monday', 'Tuesday', 'Wednesday', 'Thursday', 'Friday', 'Saturday']​;​
                        const months = ['January', 'February', 'March', 'April', 'May', 'June', 'July', 'August', 'September', 'October', 'November', 'December']​;​

                        const dayName = days[now.getDay()​]​;​
                        const day = now.getDate()​;​
                        const month = months[now.getMonth()​]​;​
                        const year = now.getFullYear()​;​
                        const hours = now.getHours()​.toString()​.padStart(2, '0')​;​
                        const minutes = now.getMinutes()​.toString()​.padStart(2, '0')​;​
                        const seconds = now.getSeconds()​.toString()​.padStart(2, '0')​;​

                        this.time = `${dayName}​ ${day}​ ${month}​ ${year}​ ${hours}​:​${minutes}​:​${seconds}​`;​
                    }​
                }​" x-init=​"updateTime()​;​ setInterval(()​ => updateTime()​, 1000)​" x-text=​"time">​ ​</span>​
ne @ vendor-alpine-__Ryc2wW.js:1
_r @ vendor-alpine-__Ryc2wW.js:1
L @ vendor-alpine-__Ryc2wW.js:5
(anonymous) @ vendor-alpine-__Ryc2wW.js:5
(anonymous) @ vendor-alpine-__Ryc2wW.js:5
n @ vendor-alpine-__Ryc2wW.js:5
r @ vendor-alpine-__Ryc2wW.js:5
mr @ vendor-alpine-__Ryc2wW.js:5
C @ vendor-alpine-__Ryc2wW.js:5
(anonymous) @ vendor-alpine-__Ryc2wW.js:5
Ar @ vendor-alpine-__Ryc2wW.js:5
(anonymous) @ app-Ch4PinNM.js:1
vendor-alpine-__Ryc2wW.js:1 Alpine Expression Error: time is not defined

Expression: "time"

 <span class=​"current-date" x-data=​"{
                    time:​ 'Tuesday 07 October 2025 10:​25:​14',
                    updateTime()​ {
                        const now = new Date()​;​
                        const days = ['Sunday', 'Monday', 'Tuesday', 'Wednesday', 'Thursday', 'Friday', 'Saturday']​;​
                        const months = ['January', 'February', 'March', 'April', 'May', 'June', 'July', 'August', 'September', 'October', 'November', 'December']​;​

                        const dayName = days[now.getDay()​]​;​
                        const day = now.getDate()​;​
                        const month = months[now.getMonth()​]​;​
                        const year = now.getFullYear()​;​
                        const hours = now.getHours()​.toString()​.padStart(2, '0')​;​
                        const minutes = now.getMinutes()​.toString()​.padStart(2, '0')​;​
                        const seconds = now.getSeconds()​.toString()​.padStart(2, '0')​;​

                        this.time = `${dayName}​ ${day}​ ${month}​ ${year}​ ${hours}​:​${minutes}​:​${seconds}​`;​
                    }​
                }​" x-init=​"updateTime()​;​ setInterval(()​ => updateTime()​, 1000)​" x-text=​"time">​ ​</span>​
ne @ vendor-alpine-__Ryc2wW.js:1
_r @ vendor-alpine-__Ryc2wW.js:1
(anonymous) @ vendor-alpine-__Ryc2wW.js:5
n @ vendor-alpine-__Ryc2wW.js:5
gi @ vendor-alpine-__Ryc2wW.js:5
B @ vendor-alpine-__Ryc2wW.js:1
(anonymous) @ vendor-alpine-__Ryc2wW.js:1
(anonymous) @ vendor-alpine-__Ryc2wW.js:5
n @ vendor-alpine-__Ryc2wW.js:5
r @ vendor-alpine-__Ryc2wW.js:5
mr @ vendor-alpine-__Ryc2wW.js:5
C @ vendor-alpine-__Ryc2wW.js:5
(anonymous) @ vendor-alpine-__Ryc2wW.js:5
Ar @ vendor-alpine-__Ryc2wW.js:5
(anonymous) @ app-Ch4PinNM.js:1
vendor-alpine-__Ryc2wW.js:1 Alpine Expression Error: r.call(...).catch is not a function

Expression: "{
                    open: false,
                    notifications: [],
                    unreadCount: 0,
                    loading: false,
                    async fetchNotifications() {
                        this.loading = true;
                        try {
                            const prevUnreadCount = this.unreadCount;
                            const response = await fetch('/notifications', {
                                headers: {
                                    'Accept': 'application/json',
                                    'X-CSRF-TOKEN': 's06VoFWEfmP9HCZIuN6dfQgCvMyvPv8zM9Q5CLSY',
                                }
                            });
                            const data = await response.json();
                            if (data.success) {
                                this.notifications = data.data;
                                this.unreadCount = data.unread_count;
                                
                                // Play bell sound if new notification
                                if (this.unreadCount > prevUnreadCount) {
                                    this.playBellSound();
                                }
                            }
                        } catch (error) {
                            console.error('Failed to fetch notifications:', error);
                        }
                        this.loading = false;
                    },
                    playBellSound() {
                        // Create notification bell sound
                        const audio = new Audio('data:audio/wav;base64,UklGRnoGAABXQVZFZm10IBAAAAABAAEAQB8AAEAfAAABAAgAZGF0YQoGAACBhYqFbF1fdJivrJBhNjVgodDbq2EcBj+a2/LDciUFLIHO8tiJNwgZaLvt559NEAxQp+PwtmMcBjiR1/LMeSwFJHfH8N2QQAoUXrTp66hVFApGn+DyvmwhBSuBzvLZiTYIG2m98OScTgwOUKnl86xhGwU7k9n0yXgiBS16yO/ajj4IF14w4IuYIwU2jdLuxG8gAycF');
                        audio.volume = 0.5;
                        audio.play().catch(e => console.log('Sound play failed:', e));
                    },
                    async markAsRead(id) {
                        try {
                            await fetch(`/notifications/${id}/mark-as-read`, {
                                method: 'POST',
                                headers: {
                                    'Accept': 'application/json',
                                    'X-CSRF-TOKEN': 's06VoFWEfmP9HCZIuN6dfQgCvMyvPv8zM9Q5CLSY',
                                }
                            });
                            await this.fetchNotifications();
                        } catch (error) {
                            console.error('Failed to mark as read:', error);
                        }
                    },
                    async markAllAsRead() {
                        try {
                            await fetch('/notifications/mark-all-as-read', {
                                method: 'POST',
                                headers: {
                                    'Accept': 'application/json',
                                    'X-CSRF-TOKEN': 's06VoFWEfmP9HCZIuN6dfQgCvMyvPv8zM9Q5CLSY',
                                }
                            });
                            await this.fetchNotifications();
                        } catch (error) {
                            console.error('Failed to mark all as read:', error);
                        }
                    },
                    init() {
                        // Initial fetch only; polling disabled by request
                        this.fetchNotifications();
                        // Fetch when dropdown is opened (on-demand)
                        this.$watch('open', (value) => { if (value) { this.fetchNotifications(); } });
                        // Fetch when window/tab gains focus (on-demand)
                        window.addEventListener('focus', () => { this.fetchNotifications(); });
                    }
                }"

 <div class=​"relative" x-data=​"{
                    open:​ false,
                    notifications:​ []​,
                    unreadCount:​ 0,
                    loading:​ false,
                    async fetchNotifications()​ {
                        this.loading = true;​
                        try {
                            const prevUnreadCount = this.unreadCount;​
                            const response = await fetch('/​notifications', {
                                headers:​ {
                                    'Accept':​ 'application/​json',
                                    'X-CSRF-TOKEN':​ 's06VoFWEfmP9HCZIuN6dfQgCvMyvPv8zM9Q5CLSY',
                                }​
                            }​)​;​
                            const data = await response.json()​;​
                            if (data.success)​ {
                                this.notifications = data.data;​
                                this.unreadCount = data.unread_count;​
                                
                                /​/​ Play bell sound if new notification
                                if (this.unreadCount > prevUnreadCount)​ {
                                    this.playBellSound()​;​
                                }​
                            }​
                        }​ catch (error)​ {
                            console.error('Failed to fetch notifications:​', error)​;​
                        }​
                        this.loading = false;​
                    }​,
                    playBellSound()​ {
                        /​/​ Create notification bell sound
                        const audio = new Audio('data:​audio/​wav;​base64,UklGRnoGAABXQVZFZm10IBAAAAABAAEAQB8AAEAfAAABAAgAZGF0YQoGAACBhYqFbF1fdJivrJBhNjVgodDbq2EcBj+a2/​LDciUFLIHO8tiJNwgZaLvt559NEAxQp+PwtmMcBjiR1/​LMeSwFJHfH8N2QQAoUXrTp66hVFApGn+DyvmwhBSuBzvLZiTYIG2m98OScTgwOUKnl86xhGwU7k9n0yXgiBS16yO/​ajj4IF14w4IuYIwU2jdLuxG8gAycF')​;​
                        audio.volume = 0.5;​
                        audio.play()​.catch(e => console.log('Sound play failed:​', e)​)​;​
                    }​,
                    async markAsRead(id)​ {
                        try {
                            await fetch(`/​notifications/​${id}​/​mark-as-read`, {
                                method:​ 'POST',
                                headers:​ {
                                    'Accept':​ 'application/​json',
                                    'X-CSRF-TOKEN':​ 's06VoFWEfmP9HCZIuN6dfQgCvMyvPv8zM9Q5CLSY',
                                }​
                            }​)​;​
                            await this.fetchNotifications()​;​
                        }​ catch (error)​ {
                            console.error('Failed to mark as read:​', error)​;​
                        }​
                    }​,
                    async markAllAsRead()​ {
                        try {
                            await fetch('/​notifications/​mark-all-as-read', {
                                method:​ 'POST',
                                headers:​ {
                                    'Accept':​ 'application/​json',
                                    'X-CSRF-TOKEN':​ 's06VoFWEfmP9HCZIuN6dfQgCvMyvPv8zM9Q5CLSY',
                                }​
                            }​)​;​
                            await this.fetchNotifications()​;​
                        }​ catch (error)​ {
                            console.error('Failed to mark all as read:​', error)​;​
                        }​
                    }​,
                    init()​ {
                        /​/​ Initial fetch only;​ polling disabled by request
                        this.fetchNotifications()​;​
                        /​/​ Fetch when dropdown is opened (on-demand)​
                        this.$watch('open', (value)​ => { if (value)​ { this.fetchNotifications()​;​ }​ }​)​;​
                        /​/​ Fetch when window/​tab gains focus (on-demand)​
                        window.addEventListener('focus', ()​ => { this.fetchNotifications()​;​ }​)​;​
                    }​
                }​" @click.away=​"open = false">​…​</div>​
ne @ vendor-alpine-__Ryc2wW.js:1
_r @ vendor-alpine-__Ryc2wW.js:1
L @ vendor-alpine-__Ryc2wW.js:5
(anonymous) @ vendor-alpine-__Ryc2wW.js:5
n @ vendor-alpine-__Ryc2wW.js:5
r @ vendor-alpine-__Ryc2wW.js:5
mr @ vendor-alpine-__Ryc2wW.js:5
C @ vendor-alpine-__Ryc2wW.js:5
(anonymous) @ vendor-alpine-__Ryc2wW.js:5
Ar @ vendor-alpine-__Ryc2wW.js:5
(anonymous) @ app-Ch4PinNM.js:1
vendor-alpine-__Ryc2wW.js:1 Alpine Expression Error: unreadCount is not defined

Expression: "unreadCount > 0"

 <span x-show=​"unreadCount > 0" x-text=​"unreadCount" class=​"notification-badge">​</span>​flex
ne @ vendor-alpine-__Ryc2wW.js:1
_r @ vendor-alpine-__Ryc2wW.js:1
(anonymous) @ vendor-alpine-__Ryc2wW.js:5
n @ vendor-alpine-__Ryc2wW.js:5
gi @ vendor-alpine-__Ryc2wW.js:5
B @ vendor-alpine-__Ryc2wW.js:1
(anonymous) @ vendor-alpine-__Ryc2wW.js:1
(anonymous) @ vendor-alpine-__Ryc2wW.js:5
n @ vendor-alpine-__Ryc2wW.js:5
r @ vendor-alpine-__Ryc2wW.js:5
mr @ vendor-alpine-__Ryc2wW.js:5
C @ vendor-alpine-__Ryc2wW.js:5
(anonymous) @ vendor-alpine-__Ryc2wW.js:5
Ar @ vendor-alpine-__Ryc2wW.js:5
(anonymous) @ app-Ch4PinNM.js:1
vendor-alpine-__Ryc2wW.js:1 Alpine Expression Error: unreadCount is not defined

Expression: "unreadCount"

 <span x-show=​"unreadCount > 0" x-text=​"unreadCount" class=​"notification-badge">​</span>​flex
ne @ vendor-alpine-__Ryc2wW.js:1
_r @ vendor-alpine-__Ryc2wW.js:1
(anonymous) @ vendor-alpine-__Ryc2wW.js:5
n @ vendor-alpine-__Ryc2wW.js:5
gi @ vendor-alpine-__Ryc2wW.js:5
B @ vendor-alpine-__Ryc2wW.js:1
(anonymous) @ vendor-alpine-__Ryc2wW.js:1
(anonymous) @ vendor-alpine-__Ryc2wW.js:5
n @ vendor-alpine-__Ryc2wW.js:5
r @ vendor-alpine-__Ryc2wW.js:5
mr @ vendor-alpine-__Ryc2wW.js:5
C @ vendor-alpine-__Ryc2wW.js:5
(anonymous) @ vendor-alpine-__Ryc2wW.js:5
Ar @ vendor-alpine-__Ryc2wW.js:5
(anonymous) @ app-Ch4PinNM.js:1
vendor-alpine-__Ryc2wW.js:1 Alpine Expression Error: r.call(...).catch is not a function

Expression: "open"

 <div x-show=​"open" x-transition class=​"absolute right-0 mt-2 w-96 bg-white rounded-lg shadow-xl border border-gray-200 z-50">​…​</div>​
ne @ vendor-alpine-__Ryc2wW.js:1
_r @ vendor-alpine-__Ryc2wW.js:1
(anonymous) @ vendor-alpine-__Ryc2wW.js:5
n @ vendor-alpine-__Ryc2wW.js:5
gi @ vendor-alpine-__Ryc2wW.js:5
B @ vendor-alpine-__Ryc2wW.js:1
(anonymous) @ vendor-alpine-__Ryc2wW.js:1
(anonymous) @ vendor-alpine-__Ryc2wW.js:5
n @ vendor-alpine-__Ryc2wW.js:5
r @ vendor-alpine-__Ryc2wW.js:5
mr @ vendor-alpine-__Ryc2wW.js:5
C @ vendor-alpine-__Ryc2wW.js:5
(anonymous) @ vendor-alpine-__Ryc2wW.js:5
Ar @ vendor-alpine-__Ryc2wW.js:5
(anonymous) @ app-Ch4PinNM.js:1
vendor-alpine-__Ryc2wW.js:1 Alpine Expression Error: unreadCount is not defined

Expression: "unreadCount > 0"

 <button @click=​"markAllAsRead()​" x-show=​"unreadCount > 0" class=​"text-xs text-blue-600 hover:​text-blue-800">​…​</button>​
ne @ vendor-alpine-__Ryc2wW.js:1
_r @ vendor-alpine-__Ryc2wW.js:1
(anonymous) @ vendor-alpine-__Ryc2wW.js:5
n @ vendor-alpine-__Ryc2wW.js:5
gi @ vendor-alpine-__Ryc2wW.js:5
B @ vendor-alpine-__Ryc2wW.js:1
(anonymous) @ vendor-alpine-__Ryc2wW.js:1
(anonymous) @ vendor-alpine-__Ryc2wW.js:5
n @ vendor-alpine-__Ryc2wW.js:5
r @ vendor-alpine-__Ryc2wW.js:5
mr @ vendor-alpine-__Ryc2wW.js:5
C @ vendor-alpine-__Ryc2wW.js:5
(anonymous) @ vendor-alpine-__Ryc2wW.js:5
Ar @ vendor-alpine-__Ryc2wW.js:5
(anonymous) @ app-Ch4PinNM.js:1
vendor-alpine-__Ryc2wW.js:1 Alpine Expression Error: loading is not defined

Expression: "loading"

 <template x-if=​"loading">​…​</template>​
ne @ vendor-alpine-__Ryc2wW.js:1
_r @ vendor-alpine-__Ryc2wW.js:1
(anonymous) @ vendor-alpine-__Ryc2wW.js:5
n @ vendor-alpine-__Ryc2wW.js:5
gi @ vendor-alpine-__Ryc2wW.js:5
B @ vendor-alpine-__Ryc2wW.js:1
(anonymous) @ vendor-alpine-__Ryc2wW.js:1
(anonymous) @ vendor-alpine-__Ryc2wW.js:5
n @ vendor-alpine-__Ryc2wW.js:5
r @ vendor-alpine-__Ryc2wW.js:5
mr @ vendor-alpine-__Ryc2wW.js:5
C @ vendor-alpine-__Ryc2wW.js:5
(anonymous) @ vendor-alpine-__Ryc2wW.js:5
Ar @ vendor-alpine-__Ryc2wW.js:5
(anonymous) @ app-Ch4PinNM.js:1
vendor-alpine-__Ryc2wW.js:1 Alpine Expression Error: loading is not defined

Expression: "!loading && notifications.length === 0"

 <template x-if=​"!loading && notifications.length === 0">​…​</template>​
ne @ vendor-alpine-__Ryc2wW.js:1
_r @ vendor-alpine-__Ryc2wW.js:1
(anonymous) @ vendor-alpine-__Ryc2wW.js:5
n @ vendor-alpine-__Ryc2wW.js:5
gi @ vendor-alpine-__Ryc2wW.js:5
B @ vendor-alpine-__Ryc2wW.js:1
(anonymous) @ vendor-alpine-__Ryc2wW.js:1
(anonymous) @ vendor-alpine-__Ryc2wW.js:5
n @ vendor-alpine-__Ryc2wW.js:5
r @ vendor-alpine-__Ryc2wW.js:5
mr @ vendor-alpine-__Ryc2wW.js:5
C @ vendor-alpine-__Ryc2wW.js:5
(anonymous) @ vendor-alpine-__Ryc2wW.js:5
Ar @ vendor-alpine-__Ryc2wW.js:5
(anonymous) @ app-Ch4PinNM.js:1
vendor-alpine-__Ryc2wW.js:1 Alpine Expression Error: notifications is not defined

Expression: "notifications"

 <template x-for=​"notification in notifications" :key=​"notification.id">​…​</template>​
ne @ vendor-alpine-__Ryc2wW.js:1
_r @ vendor-alpine-__Ryc2wW.js:1
no @ vendor-alpine-__Ryc2wW.js:5
(anonymous) @ vendor-alpine-__Ryc2wW.js:5
n @ vendor-alpine-__Ryc2wW.js:5
gi @ vendor-alpine-__Ryc2wW.js:5
B @ vendor-alpine-__Ryc2wW.js:1
(anonymous) @ vendor-alpine-__Ryc2wW.js:1
(anonymous) @ vendor-alpine-__Ryc2wW.js:5
n @ vendor-alpine-__Ryc2wW.js:5
r @ vendor-alpine-__Ryc2wW.js:5
mr @ vendor-alpine-__Ryc2wW.js:5
C @ vendor-alpine-__Ryc2wW.js:5
(anonymous) @ vendor-alpine-__Ryc2wW.js:5
Ar @ vendor-alpine-__Ryc2wW.js:5
(anonymous) @ app-Ch4PinNM.js:1
vendor-alpine-__Ryc2wW.js:1 Alpine Expression Error: r.call(...).catch is not a function

Expression: "{ open: false }"

 <div class=​"relative" x-data=​"{ open:​ false }​">​…​</div>​
ne @ vendor-alpine-__Ryc2wW.js:1
_r @ vendor-alpine-__Ryc2wW.js:1
L @ vendor-alpine-__Ryc2wW.js:5
(anonymous) @ vendor-alpine-__Ryc2wW.js:5
n @ vendor-alpine-__Ryc2wW.js:5
r @ vendor-alpine-__Ryc2wW.js:5
mr @ vendor-alpine-__Ryc2wW.js:5
C @ vendor-alpine-__Ryc2wW.js:5
(anonymous) @ vendor-alpine-__Ryc2wW.js:5
Ar @ vendor-alpine-__Ryc2wW.js:5
(anonymous) @ app-Ch4PinNM.js:1
vendor-alpine-__Ryc2wW.js:1 Alpine Expression Error: r.call(...).catch is not a function

Expression: "open"

 <div x-show=​"open" @click.away=​"open = false" x-transition class=​"absolute right-0 mt-2 w-80 bg-white rounded-lg shadow-xl border border-gray-200 z-50" style=​"top:​ 100%;​">​…​</div>​
ne @ vendor-alpine-__Ryc2wW.js:1
_r @ vendor-alpine-__Ryc2wW.js:1
(anonymous) @ vendor-alpine-__Ryc2wW.js:5
n @ vendor-alpine-__Ryc2wW.js:5
gi @ vendor-alpine-__Ryc2wW.js:5
B @ vendor-alpine-__Ryc2wW.js:1
(anonymous) @ vendor-alpine-__Ryc2wW.js:1
(anonymous) @ vendor-alpine-__Ryc2wW.js:5
n @ vendor-alpine-__Ryc2wW.js:5
r @ vendor-alpine-__Ryc2wW.js:5
mr @ vendor-alpine-__Ryc2wW.js:5
C @ vendor-alpine-__Ryc2wW.js:5
(anonymous) @ vendor-alpine-__Ryc2wW.js:5
Ar @ vendor-alpine-__Ryc2wW.js:5
(anonymous) @ app-Ch4PinNM.js:1
vendor-alpine-__Ryc2wW.js:1 Alpine Expression Error: r.call(...).catch is not a function

Expression: "{ open: false }"

 <div class=​"relative" x-data=​"{ open:​ false }​">​…​</div>​
ne @ vendor-alpine-__Ryc2wW.js:1
_r @ vendor-alpine-__Ryc2wW.js:1
L @ vendor-alpine-__Ryc2wW.js:5
(anonymous) @ vendor-alpine-__Ryc2wW.js:5
n @ vendor-alpine-__Ryc2wW.js:5
r @ vendor-alpine-__Ryc2wW.js:5
mr @ vendor-alpine-__Ryc2wW.js:5
C @ vendor-alpine-__Ryc2wW.js:5
(anonymous) @ vendor-alpine-__Ryc2wW.js:5
Ar @ vendor-alpine-__Ryc2wW.js:5
(anonymous) @ app-Ch4PinNM.js:1
vendor-alpine-__Ryc2wW.js:1 Alpine Expression Error: r.call(...).catch is not a function

Expression: "open"

 <div x-show=​"open" @click.away=​"open = false" x-transition class=​"topbar-help-dropdown">​…​</div>​
ne @ vendor-alpine-__Ryc2wW.js:1
_r @ vendor-alpine-__Ryc2wW.js:1
(anonymous) @ vendor-alpine-__Ryc2wW.js:5
n @ vendor-alpine-__Ryc2wW.js:5
gi @ vendor-alpine-__Ryc2wW.js:5
B @ vendor-alpine-__Ryc2wW.js:1
(anonymous) @ vendor-alpine-__Ryc2wW.js:1
(anonymous) @ vendor-alpine-__Ryc2wW.js:5
n @ vendor-alpine-__Ryc2wW.js:5
r @ vendor-alpine-__Ryc2wW.js:5
mr @ vendor-alpine-__Ryc2wW.js:5
C @ vendor-alpine-__Ryc2wW.js:5
(anonymous) @ vendor-alpine-__Ryc2wW.js:5
Ar @ vendor-alpine-__Ryc2wW.js:5
(anonymous) @ app-Ch4PinNM.js:1
vendor-alpine-__Ryc2wW.js:1 Alpine Expression Error: r.call(...).catch is not a function

Expression: "{ open: false }"

 <div class=​"relative" x-data=​"{ open:​ false }​">​…​</div>​
ne @ vendor-alpine-__Ryc2wW.js:1
_r @ vendor-alpine-__Ryc2wW.js:1
L @ vendor-alpine-__Ryc2wW.js:5
(anonymous) @ vendor-alpine-__Ryc2wW.js:5
n @ vendor-alpine-__Ryc2wW.js:5
r @ vendor-alpine-__Ryc2wW.js:5
mr @ vendor-alpine-__Ryc2wW.js:5
C @ vendor-alpine-__Ryc2wW.js:5
(anonymous) @ vendor-alpine-__Ryc2wW.js:5
Ar @ vendor-alpine-__Ryc2wW.js:5
(anonymous) @ app-Ch4PinNM.js:1
vendor-alpine-__Ryc2wW.js:1 Alpine Expression Error: r.call(...).catch is not a function

Expression: "open"

 <div x-show=​"open" @click.away=​"open = false" x-transition class=​"topbar-dropdown">​…​</div>​
ne @ vendor-alpine-__Ryc2wW.js:1
_r @ vendor-alpine-__Ryc2wW.js:1
(anonymous) @ vendor-alpine-__Ryc2wW.js:5
n @ vendor-alpine-__Ryc2wW.js:5
gi @ vendor-alpine-__Ryc2wW.js:5
B @ vendor-alpine-__Ryc2wW.js:1
(anonymous) @ vendor-alpine-__Ryc2wW.js:1
(anonymous) @ vendor-alpine-__Ryc2wW.js:5
n @ vendor-alpine-__Ryc2wW.js:5
r @ vendor-alpine-__Ryc2wW.js:5
mr @ vendor-alpine-__Ryc2wW.js:5
C @ vendor-alpine-__Ryc2wW.js:5
(anonymous) @ vendor-alpine-__Ryc2wW.js:5
Ar @ vendor-alpine-__Ryc2wW.js:5
(anonymous) @ app-Ch4PinNM.js:1
vendor-alpine-__Ryc2wW.js:1 Alpine Expression Error: r.call(...).catch is not a function

Expression: "{ open: false }"

 <div class=​"relative ml-auto" x-data=​"{ open:​ false }​">​…​</div>​
ne @ vendor-alpine-__Ryc2wW.js:1
_r @ vendor-alpine-__Ryc2wW.js:1
L @ vendor-alpine-__Ryc2wW.js:5
(anonymous) @ vendor-alpine-__Ryc2wW.js:5
n @ vendor-alpine-__Ryc2wW.js:5
r @ vendor-alpine-__Ryc2wW.js:5
mr @ vendor-alpine-__Ryc2wW.js:5
C @ vendor-alpine-__Ryc2wW.js:5
(anonymous) @ vendor-alpine-__Ryc2wW.js:5
Ar @ vendor-alpine-__Ryc2wW.js:5
(anonymous) @ app-Ch4PinNM.js:1
vendor-alpine-__Ryc2wW.js:1 Alpine Expression Error: r.call(...).catch is not a function

Expression: "open"

 <div x-show=​"open" @mouseenter=​"open = true" @mouseleave=​"open = false" x-transition class=​"absolute right-0 mt-1 w-80 bg-white rounded-lg shadow-2xl border border-gray-200 z-50 overflow-hidden" style=​"top:​ 100%;​">​…​</div>​
ne @ vendor-alpine-__Ryc2wW.js:1
_r @ vendor-alpine-__Ryc2wW.js:1
(anonymous) @ vendor-alpine-__Ryc2wW.js:5
n @ vendor-alpine-__Ryc2wW.js:5
gi @ vendor-alpine-__Ryc2wW.js:5
B @ vendor-alpine-__Ryc2wW.js:1
(anonymous) @ vendor-alpine-__Ryc2wW.js:1
(anonymous) @ vendor-alpine-__Ryc2wW.js:5
n @ vendor-alpine-__Ryc2wW.js:5
r @ vendor-alpine-__Ryc2wW.js:5
mr @ vendor-alpine-__Ryc2wW.js:5
C @ vendor-alpine-__Ryc2wW.js:5
(anonymous) @ vendor-alpine-__Ryc2wW.js:5
Ar @ vendor-alpine-__Ryc2wW.js:5
(anonymous) @ app-Ch4PinNM.js:1
vendor-alpine-__Ryc2wW.js:5 Uncaught TypeError: r.call(...).catch is not a function
    at vendor-alpine-__Ryc2wW.js:5:1137
    at _r (vendor-alpine-__Ryc2wW.js:1:5565)
    at L (vendor-alpine-__Ryc2wW.js:5:143)
    at Function.<anonymous> (vendor-alpine-__Ryc2wW.js:5:33900)
    at n (vendor-alpine-__Ryc2wW.js:5:2378)
    at r (vendor-alpine-__Ryc2wW.js:5:2407)
    at mr (vendor-alpine-__Ryc2wW.js:5:2417)
    at C (vendor-alpine-__Ryc2wW.js:5:5188)
    at vendor-alpine-__Ryc2wW.js:5:4616
    at Array.forEach (<anonymous>)
(anonymous) @ vendor-alpine-__Ryc2wW.js:5
_r @ vendor-alpine-__Ryc2wW.js:1
L @ vendor-alpine-__Ryc2wW.js:5
(anonymous) @ vendor-alpine-__Ryc2wW.js:5
n @ vendor-alpine-__Ryc2wW.js:5
r @ vendor-alpine-__Ryc2wW.js:5
mr @ vendor-alpine-__Ryc2wW.js:5
C @ vendor-alpine-__Ryc2wW.js:5
(anonymous) @ vendor-alpine-__Ryc2wW.js:5
Ar @ vendor-alpine-__Ryc2wW.js:5
(anonymous) @ app-Ch4PinNM.js:1
vendor-alpine-__Ryc2wW.js:5 Uncaught TypeError: r.call(...).catch is not a function
    at vendor-alpine-__Ryc2wW.js:5:1137
    at _r (vendor-alpine-__Ryc2wW.js:1:5565)
    at L (vendor-alpine-__Ryc2wW.js:5:143)
    at Function.<anonymous> (vendor-alpine-__Ryc2wW.js:5:33900)
    at n (vendor-alpine-__Ryc2wW.js:5:2378)
    at r (vendor-alpine-__Ryc2wW.js:5:2407)
    at mr (vendor-alpine-__Ryc2wW.js:5:2417)
    at C (vendor-alpine-__Ryc2wW.js:5:5188)
    at vendor-alpine-__Ryc2wW.js:5:4616
    at Array.forEach (<anonymous>)
(anonymous) @ vendor-alpine-__Ryc2wW.js:5
_r @ vendor-alpine-__Ryc2wW.js:1
L @ vendor-alpine-__Ryc2wW.js:5
(anonymous) @ vendor-alpine-__Ryc2wW.js:5
n @ vendor-alpine-__Ryc2wW.js:5
r @ vendor-alpine-__Ryc2wW.js:5
mr @ vendor-alpine-__Ryc2wW.js:5
C @ vendor-alpine-__Ryc2wW.js:5
(anonymous) @ vendor-alpine-__Ryc2wW.js:5
Ar @ vendor-alpine-__Ryc2wW.js:5
(anonymous) @ app-Ch4PinNM.js:1
vendor-alpine-__Ryc2wW.js:5 Uncaught ReferenceError: collapsed is not defined
    at [Alpine] { 
         'sidebar-collapsed': collapsed, 
         'sidebar-expanded': !collapsed,
         'sidebar-mobile-open': mobileOpen 
     } (eval at <anonymous> (https://jara.my/build/assets/vendor-alpine-__Ryc2wW.js:5:704), <anonymous>:4:31)
    at https://jara.my/build/assets/vendor-alpine-__Ryc2wW.js:5:1120
    at _r (https://jara.my/build/assets/vendor-alpine-__Ryc2wW.js:1:5565)
    at https://jara.my/build/assets/vendor-alpine-__Ryc2wW.js:5:33374
    at n (https://jara.my/build/assets/vendor-alpine-__Ryc2wW.js:5:18163)
    at Object.gi [as effect] (https://jara.my/build/assets/vendor-alpine-__Ryc2wW.js:5:17951)
    at B (https://jara.my/build/assets/vendor-alpine-__Ryc2wW.js:1:956)
    at https://jara.my/build/assets/vendor-alpine-__Ryc2wW.js:1:1069
    at Hn (https://jara.my/build/assets/vendor-alpine-__Ryc2wW.js:5:33368)
    at n (https://jara.my/build/assets/vendor-alpine-__Ryc2wW.js:5:2378)
[Alpine] { 
         'sidebar-collapsed': collapsed, 
         'sidebar-expanded': !collapsed,
         'sidebar-mobile-open': mobileOpen 
     } @ VM2983:4
(anonymous) @ vendor-alpine-__Ryc2wW.js:5
_r @ vendor-alpine-__Ryc2wW.js:1
(anonymous) @ vendor-alpine-__Ryc2wW.js:5
n @ vendor-alpine-__Ryc2wW.js:5
gi @ vendor-alpine-__Ryc2wW.js:5
B @ vendor-alpine-__Ryc2wW.js:1
(anonymous) @ vendor-alpine-__Ryc2wW.js:1
Hn @ vendor-alpine-__Ryc2wW.js:5
n @ vendor-alpine-__Ryc2wW.js:5
r @ vendor-alpine-__Ryc2wW.js:5
mr @ vendor-alpine-__Ryc2wW.js:5
C @ vendor-alpine-__Ryc2wW.js:5
(anonymous) @ vendor-alpine-__Ryc2wW.js:5
Ar @ vendor-alpine-__Ryc2wW.js:5
(anonymous) @ app-Ch4PinNM.js:1
vendor-alpine-__Ryc2wW.js:5 Uncaught ReferenceError: collapsed is not defined
    at [Alpine] !collapsed (eval at <anonymous> (vendor-alpine-__Ryc2wW.js:5:704), <anonymous>:3:33)
    at vendor-alpine-__Ryc2wW.js:5:1120
    at _r (vendor-alpine-__Ryc2wW.js:1:5565)
    at vendor-alpine-__Ryc2wW.js:5:34809
    at n (vendor-alpine-__Ryc2wW.js:5:18163)
    at Object.gi [as effect] (vendor-alpine-__Ryc2wW.js:5:17951)
    at B (vendor-alpine-__Ryc2wW.js:1:956)
    at vendor-alpine-__Ryc2wW.js:1:1069
    at Function.<anonymous> (vendor-alpine-__Ryc2wW.js:5:34803)
    at n (vendor-alpine-__Ryc2wW.js:5:2378)
[Alpine] !collapsed @ VM2987:3
(anonymous) @ vendor-alpine-__Ryc2wW.js:5
_r @ vendor-alpine-__Ryc2wW.js:1
(anonymous) @ vendor-alpine-__Ryc2wW.js:5
n @ vendor-alpine-__Ryc2wW.js:5
gi @ vendor-alpine-__Ryc2wW.js:5
B @ vendor-alpine-__Ryc2wW.js:1
(anonymous) @ vendor-alpine-__Ryc2wW.js:1
(anonymous) @ vendor-alpine-__Ryc2wW.js:5
n @ vendor-alpine-__Ryc2wW.js:5
r @ vendor-alpine-__Ryc2wW.js:5
mr @ vendor-alpine-__Ryc2wW.js:5
C @ vendor-alpine-__Ryc2wW.js:5
(anonymous) @ vendor-alpine-__Ryc2wW.js:5
Ar @ vendor-alpine-__Ryc2wW.js:5
(anonymous) @ app-Ch4PinNM.js:1
vendor-alpine-__Ryc2wW.js:5 Uncaught ReferenceError: collapsed is not defined
    at [Alpine] !collapsed (eval at <anonymous> (vendor-alpine-__Ryc2wW.js:5:704), <anonymous>:3:33)
    at vendor-alpine-__Ryc2wW.js:5:1120
    at _r (vendor-alpine-__Ryc2wW.js:1:5565)
    at vendor-alpine-__Ryc2wW.js:5:34809
    at n (vendor-alpine-__Ryc2wW.js:5:18163)
    at Object.gi [as effect] (vendor-alpine-__Ryc2wW.js:5:17951)
    at B (vendor-alpine-__Ryc2wW.js:1:956)
    at vendor-alpine-__Ryc2wW.js:1:1069
    at Function.<anonymous> (vendor-alpine-__Ryc2wW.js:5:34803)
    at n (vendor-alpine-__Ryc2wW.js:5:2378)
[Alpine] !collapsed @ VM2987:3
(anonymous) @ vendor-alpine-__Ryc2wW.js:5
_r @ vendor-alpine-__Ryc2wW.js:1
(anonymous) @ vendor-alpine-__Ryc2wW.js:5
n @ vendor-alpine-__Ryc2wW.js:5
gi @ vendor-alpine-__Ryc2wW.js:5
B @ vendor-alpine-__Ryc2wW.js:1
(anonymous) @ vendor-alpine-__Ryc2wW.js:1
(anonymous) @ vendor-alpine-__Ryc2wW.js:5
n @ vendor-alpine-__Ryc2wW.js:5
r @ vendor-alpine-__Ryc2wW.js:5
mr @ vendor-alpine-__Ryc2wW.js:5
C @ vendor-alpine-__Ryc2wW.js:5
(anonymous) @ vendor-alpine-__Ryc2wW.js:5
Ar @ vendor-alpine-__Ryc2wW.js:5
(anonymous) @ app-Ch4PinNM.js:1
vendor-alpine-__Ryc2wW.js:5 Uncaught ReferenceError: collapsed is not defined
    at [Alpine] collapsed (eval at <anonymous> (vendor-alpine-__Ryc2wW.js:5:704), <anonymous>:3:32)
    at vendor-alpine-__Ryc2wW.js:5:1120
    at _r (vendor-alpine-__Ryc2wW.js:1:5565)
    at vendor-alpine-__Ryc2wW.js:5:34809
    at n (vendor-alpine-__Ryc2wW.js:5:18163)
    at Object.gi [as effect] (vendor-alpine-__Ryc2wW.js:5:17951)
    at B (vendor-alpine-__Ryc2wW.js:1:956)
    at vendor-alpine-__Ryc2wW.js:1:1069
    at Function.<anonymous> (vendor-alpine-__Ryc2wW.js:5:34803)
    at n (vendor-alpine-__Ryc2wW.js:5:2378)
[Alpine] collapsed @ VM2989:3
(anonymous) @ vendor-alpine-__Ryc2wW.js:5
_r @ vendor-alpine-__Ryc2wW.js:1
(anonymous) @ vendor-alpine-__Ryc2wW.js:5
n @ vendor-alpine-__Ryc2wW.js:5
gi @ vendor-alpine-__Ryc2wW.js:5
B @ vendor-alpine-__Ryc2wW.js:1
(anonymous) @ vendor-alpine-__Ryc2wW.js:1
(anonymous) @ vendor-alpine-__Ryc2wW.js:5
n @ vendor-alpine-__Ryc2wW.js:5
r @ vendor-alpine-__Ryc2wW.js:5
mr @ vendor-alpine-__Ryc2wW.js:5
C @ vendor-alpine-__Ryc2wW.js:5
(anonymous) @ vendor-alpine-__Ryc2wW.js:5
Ar @ vendor-alpine-__Ryc2wW.js:5
(anonymous) @ app-Ch4PinNM.js:1
vendor-alpine-__Ryc2wW.js:5 Uncaught ReferenceError: collapsed is not defined
    at [Alpine] !collapsed (eval at <anonymous> (vendor-alpine-__Ryc2wW.js:5:704), <anonymous>:3:33)
    at vendor-alpine-__Ryc2wW.js:5:1120
    at _r (vendor-alpine-__Ryc2wW.js:1:5565)
    at vendor-alpine-__Ryc2wW.js:5:34809
    at n (vendor-alpine-__Ryc2wW.js:5:18163)
    at Object.gi [as effect] (vendor-alpine-__Ryc2wW.js:5:17951)
    at B (vendor-alpine-__Ryc2wW.js:1:956)
    at vendor-alpine-__Ryc2wW.js:1:1069
    at Function.<anonymous> (vendor-alpine-__Ryc2wW.js:5:34803)
    at n (vendor-alpine-__Ryc2wW.js:5:2378)
[Alpine] !collapsed @ VM2987:3
(anonymous) @ vendor-alpine-__Ryc2wW.js:5
_r @ vendor-alpine-__Ryc2wW.js:1
(anonymous) @ vendor-alpine-__Ryc2wW.js:5
n @ vendor-alpine-__Ryc2wW.js:5
gi @ vendor-alpine-__Ryc2wW.js:5
B @ vendor-alpine-__Ryc2wW.js:1
(anonymous) @ vendor-alpine-__Ryc2wW.js:1
(anonymous) @ vendor-alpine-__Ryc2wW.js:5
n @ vendor-alpine-__Ryc2wW.js:5
r @ vendor-alpine-__Ryc2wW.js:5
mr @ vendor-alpine-__Ryc2wW.js:5
C @ vendor-alpine-__Ryc2wW.js:5
(anonymous) @ vendor-alpine-__Ryc2wW.js:5
Ar @ vendor-alpine-__Ryc2wW.js:5
(anonymous) @ app-Ch4PinNM.js:1
vendor-alpine-__Ryc2wW.js:5 Uncaught ReferenceError: collapsed is not defined
    at [Alpine] !collapsed (eval at <anonymous> (vendor-alpine-__Ryc2wW.js:5:704), <anonymous>:3:33)
    at vendor-alpine-__Ryc2wW.js:5:1120
    at _r (vendor-alpine-__Ryc2wW.js:1:5565)
    at vendor-alpine-__Ryc2wW.js:5:34809
    at n (vendor-alpine-__Ryc2wW.js:5:18163)
    at Object.gi [as effect] (vendor-alpine-__Ryc2wW.js:5:17951)
    at B (vendor-alpine-__Ryc2wW.js:1:956)
    at vendor-alpine-__Ryc2wW.js:1:1069
    at Function.<anonymous> (vendor-alpine-__Ryc2wW.js:5:34803)
    at n (vendor-alpine-__Ryc2wW.js:5:2378)
[Alpine] !collapsed @ VM2987:3
(anonymous) @ vendor-alpine-__Ryc2wW.js:5
_r @ vendor-alpine-__Ryc2wW.js:1
(anonymous) @ vendor-alpine-__Ryc2wW.js:5
n @ vendor-alpine-__Ryc2wW.js:5
gi @ vendor-alpine-__Ryc2wW.js:5
B @ vendor-alpine-__Ryc2wW.js:1
(anonymous) @ vendor-alpine-__Ryc2wW.js:1
(anonymous) @ vendor-alpine-__Ryc2wW.js:5
n @ vendor-alpine-__Ryc2wW.js:5
r @ vendor-alpine-__Ryc2wW.js:5
mr @ vendor-alpine-__Ryc2wW.js:5
C @ vendor-alpine-__Ryc2wW.js:5
(anonymous) @ vendor-alpine-__Ryc2wW.js:5
Ar @ vendor-alpine-__Ryc2wW.js:5
(anonymous) @ app-Ch4PinNM.js:1
vendor-alpine-__Ryc2wW.js:5 Uncaught ReferenceError: collapsed is not defined
    at [Alpine] !collapsed (eval at <anonymous> (vendor-alpine-__Ryc2wW.js:5:704), <anonymous>:3:33)
    at vendor-alpine-__Ryc2wW.js:5:1120
    at _r (vendor-alpine-__Ryc2wW.js:1:5565)
    at vendor-alpine-__Ryc2wW.js:5:34809
    at n (vendor-alpine-__Ryc2wW.js:5:18163)
    at Object.gi [as effect] (vendor-alpine-__Ryc2wW.js:5:17951)
    at B (vendor-alpine-__Ryc2wW.js:1:956)
    at vendor-alpine-__Ryc2wW.js:1:1069
    at Function.<anonymous> (vendor-alpine-__Ryc2wW.js:5:34803)
    at n (vendor-alpine-__Ryc2wW.js:5:2378)
[Alpine] !collapsed @ VM2987:3
(anonymous) @ vendor-alpine-__Ryc2wW.js:5
_r @ vendor-alpine-__Ryc2wW.js:1
(anonymous) @ vendor-alpine-__Ryc2wW.js:5
n @ vendor-alpine-__Ryc2wW.js:5
gi @ vendor-alpine-__Ryc2wW.js:5
B @ vendor-alpine-__Ryc2wW.js:1
(anonymous) @ vendor-alpine-__Ryc2wW.js:1
(anonymous) @ vendor-alpine-__Ryc2wW.js:5
n @ vendor-alpine-__Ryc2wW.js:5
r @ vendor-alpine-__Ryc2wW.js:5
mr @ vendor-alpine-__Ryc2wW.js:5
C @ vendor-alpine-__Ryc2wW.js:5
(anonymous) @ vendor-alpine-__Ryc2wW.js:5
Ar @ vendor-alpine-__Ryc2wW.js:5
(anonymous) @ app-Ch4PinNM.js:1
vendor-alpine-__Ryc2wW.js:5 Uncaught TypeError: r.call(...).catch is not a function
    at vendor-alpine-__Ryc2wW.js:5:1137
    at _r (vendor-alpine-__Ryc2wW.js:1:5565)
    at L (vendor-alpine-__Ryc2wW.js:5:143)
    at Function.<anonymous> (vendor-alpine-__Ryc2wW.js:5:33900)
    at n (vendor-alpine-__Ryc2wW.js:5:2378)
    at r (vendor-alpine-__Ryc2wW.js:5:2407)
    at mr (vendor-alpine-__Ryc2wW.js:5:2417)
    at C (vendor-alpine-__Ryc2wW.js:5:5188)
    at vendor-alpine-__Ryc2wW.js:5:4616
    at Array.forEach (<anonymous>)
(anonymous) @ vendor-alpine-__Ryc2wW.js:5
_r @ vendor-alpine-__Ryc2wW.js:1
L @ vendor-alpine-__Ryc2wW.js:5
(anonymous) @ vendor-alpine-__Ryc2wW.js:5
n @ vendor-alpine-__Ryc2wW.js:5
r @ vendor-alpine-__Ryc2wW.js:5
mr @ vendor-alpine-__Ryc2wW.js:5
C @ vendor-alpine-__Ryc2wW.js:5
(anonymous) @ vendor-alpine-__Ryc2wW.js:5
Ar @ vendor-alpine-__Ryc2wW.js:5
(anonymous) @ app-Ch4PinNM.js:1
vendor-alpine-__Ryc2wW.js:5 Uncaught ReferenceError: collapsed is not defined
    at [Alpine] !collapsed (eval at <anonymous> (vendor-alpine-__Ryc2wW.js:5:704), <anonymous>:3:33)
    at vendor-alpine-__Ryc2wW.js:5:1120
    at _r (vendor-alpine-__Ryc2wW.js:1:5565)
    at vendor-alpine-__Ryc2wW.js:5:34809
    at n (vendor-alpine-__Ryc2wW.js:5:18163)
    at Object.gi [as effect] (vendor-alpine-__Ryc2wW.js:5:17951)
    at B (vendor-alpine-__Ryc2wW.js:1:956)
    at vendor-alpine-__Ryc2wW.js:1:1069
    at Function.<anonymous> (vendor-alpine-__Ryc2wW.js:5:34803)
    at n (vendor-alpine-__Ryc2wW.js:5:2378)
[Alpine] !collapsed @ VM2987:3
(anonymous) @ vendor-alpine-__Ryc2wW.js:5
_r @ vendor-alpine-__Ryc2wW.js:1
(anonymous) @ vendor-alpine-__Ryc2wW.js:5
n @ vendor-alpine-__Ryc2wW.js:5
gi @ vendor-alpine-__Ryc2wW.js:5
B @ vendor-alpine-__Ryc2wW.js:1
(anonymous) @ vendor-alpine-__Ryc2wW.js:1
(anonymous) @ vendor-alpine-__Ryc2wW.js:5
n @ vendor-alpine-__Ryc2wW.js:5
r @ vendor-alpine-__Ryc2wW.js:5
mr @ vendor-alpine-__Ryc2wW.js:5
C @ vendor-alpine-__Ryc2wW.js:5
(anonymous) @ vendor-alpine-__Ryc2wW.js:5
Ar @ vendor-alpine-__Ryc2wW.js:5
(anonymous) @ app-Ch4PinNM.js:1
vendor-alpine-__Ryc2wW.js:5 Uncaught ReferenceError: collapsed is not defined
    at [Alpine] !collapsed && !open (eval at <anonymous> (vendor-alpine-__Ryc2wW.js:5:704), <anonymous>:3:33)
    at vendor-alpine-__Ryc2wW.js:5:1120
    at _r (vendor-alpine-__Ryc2wW.js:1:5565)
    at vendor-alpine-__Ryc2wW.js:5:34809
    at n (vendor-alpine-__Ryc2wW.js:5:18163)
    at Object.gi [as effect] (vendor-alpine-__Ryc2wW.js:5:17951)
    at B (vendor-alpine-__Ryc2wW.js:1:956)
    at vendor-alpine-__Ryc2wW.js:1:1069
    at Function.<anonymous> (vendor-alpine-__Ryc2wW.js:5:34803)
    at n (vendor-alpine-__Ryc2wW.js:5:2378)
[Alpine] !collapsed && !open @ VM2994:3
(anonymous) @ vendor-alpine-__Ryc2wW.js:5
_r @ vendor-alpine-__Ryc2wW.js:1
(anonymous) @ vendor-alpine-__Ryc2wW.js:5
n @ vendor-alpine-__Ryc2wW.js:5
gi @ vendor-alpine-__Ryc2wW.js:5
B @ vendor-alpine-__Ryc2wW.js:1
(anonymous) @ vendor-alpine-__Ryc2wW.js:1
(anonymous) @ vendor-alpine-__Ryc2wW.js:5
n @ vendor-alpine-__Ryc2wW.js:5
r @ vendor-alpine-__Ryc2wW.js:5
mr @ vendor-alpine-__Ryc2wW.js:5
C @ vendor-alpine-__Ryc2wW.js:5
(anonymous) @ vendor-alpine-__Ryc2wW.js:5
Ar @ vendor-alpine-__Ryc2wW.js:5
(anonymous) @ app-Ch4PinNM.js:1
vendor-alpine-__Ryc2wW.js:5 Uncaught ReferenceError: collapsed is not defined
    at [Alpine] !collapsed && open (eval at <anonymous> (vendor-alpine-__Ryc2wW.js:5:704), <anonymous>:3:33)
    at vendor-alpine-__Ryc2wW.js:5:1120
    at _r (vendor-alpine-__Ryc2wW.js:1:5565)
    at vendor-alpine-__Ryc2wW.js:5:34809
    at n (vendor-alpine-__Ryc2wW.js:5:18163)
    at Object.gi [as effect] (vendor-alpine-__Ryc2wW.js:5:17951)
    at B (vendor-alpine-__Ryc2wW.js:1:956)
    at vendor-alpine-__Ryc2wW.js:1:1069
    at Function.<anonymous> (vendor-alpine-__Ryc2wW.js:5:34803)
    at n (vendor-alpine-__Ryc2wW.js:5:2378)
[Alpine] !collapsed && open @ VM2995:3
(anonymous) @ vendor-alpine-__Ryc2wW.js:5
_r @ vendor-alpine-__Ryc2wW.js:1
(anonymous) @ vendor-alpine-__Ryc2wW.js:5
n @ vendor-alpine-__Ryc2wW.js:5
gi @ vendor-alpine-__Ryc2wW.js:5
B @ vendor-alpine-__Ryc2wW.js:1
(anonymous) @ vendor-alpine-__Ryc2wW.js:1
(anonymous) @ vendor-alpine-__Ryc2wW.js:5
n @ vendor-alpine-__Ryc2wW.js:5
r @ vendor-alpine-__Ryc2wW.js:5
mr @ vendor-alpine-__Ryc2wW.js:5
C @ vendor-alpine-__Ryc2wW.js:5
(anonymous) @ vendor-alpine-__Ryc2wW.js:5
Ar @ vendor-alpine-__Ryc2wW.js:5
(anonymous) @ app-Ch4PinNM.js:1
vendor-alpine-__Ryc2wW.js:5 Uncaught ReferenceError: collapsed is not defined
    at [Alpine] collapsed ? 'submenu-dropdown' : 'submenu-container space-y-1' (eval at <anonymous> (vendor-alpine-__Ryc2wW.js:5:704), <anonymous>:3:32)
    at vendor-alpine-__Ryc2wW.js:5:1120
    at _r (vendor-alpine-__Ryc2wW.js:1:5565)
    at vendor-alpine-__Ryc2wW.js:5:33374
    at n (vendor-alpine-__Ryc2wW.js:5:18163)
    at Object.gi [as effect] (vendor-alpine-__Ryc2wW.js:5:17951)
    at B (vendor-alpine-__Ryc2wW.js:1:956)
    at vendor-alpine-__Ryc2wW.js:1:1069
    at Hn (vendor-alpine-__Ryc2wW.js:5:33368)
    at n (vendor-alpine-__Ryc2wW.js:5:2378)
[Alpine] collapsed ? 'submenu-dropdown' : 'submenu-container space-y-1' @ VM2996:3
(anonymous) @ vendor-alpine-__Ryc2wW.js:5
_r @ vendor-alpine-__Ryc2wW.js:1
(anonymous) @ vendor-alpine-__Ryc2wW.js:5
n @ vendor-alpine-__Ryc2wW.js:5
gi @ vendor-alpine-__Ryc2wW.js:5
B @ vendor-alpine-__Ryc2wW.js:1
(anonymous) @ vendor-alpine-__Ryc2wW.js:1
Hn @ vendor-alpine-__Ryc2wW.js:5
n @ vendor-alpine-__Ryc2wW.js:5
r @ vendor-alpine-__Ryc2wW.js:5
mr @ vendor-alpine-__Ryc2wW.js:5
C @ vendor-alpine-__Ryc2wW.js:5
(anonymous) @ vendor-alpine-__Ryc2wW.js:5
Ar @ vendor-alpine-__Ryc2wW.js:5
(anonymous) @ app-Ch4PinNM.js:1
vendor-alpine-__Ryc2wW.js:5 Uncaught ReferenceError: collapsed is not defined
    at [Alpine] (collapsed && hovered) || (!collapsed && open) (eval at <anonymous> (https://jara.my/build/assets/vendor-alpine-__Ryc2wW.js:5:704), <anonymous>:3:33)
    at vendor-alpine-__Ryc2wW.js:5:1120
    at _r (vendor-alpine-__Ryc2wW.js:1:5565)
    at vendor-alpine-__Ryc2wW.js:5:34809
    at n (vendor-alpine-__Ryc2wW.js:5:18163)
    at Object.gi [as effect] (vendor-alpine-__Ryc2wW.js:5:17951)
    at B (vendor-alpine-__Ryc2wW.js:1:956)
    at vendor-alpine-__Ryc2wW.js:1:1069
    at Function.<anonymous> (vendor-alpine-__Ryc2wW.js:5:34803)
    at n (vendor-alpine-__Ryc2wW.js:5:2378)
[Alpine] (collapsed && hovered) || (!collapsed && open) @ VM2997:3
(anonymous) @ vendor-alpine-__Ryc2wW.js:5
_r @ vendor-alpine-__Ryc2wW.js:1
(anonymous) @ vendor-alpine-__Ryc2wW.js:5
n @ vendor-alpine-__Ryc2wW.js:5
gi @ vendor-alpine-__Ryc2wW.js:5
B @ vendor-alpine-__Ryc2wW.js:1
(anonymous) @ vendor-alpine-__Ryc2wW.js:1
(anonymous) @ vendor-alpine-__Ryc2wW.js:5
n @ vendor-alpine-__Ryc2wW.js:5
r @ vendor-alpine-__Ryc2wW.js:5
mr @ vendor-alpine-__Ryc2wW.js:5
C @ vendor-alpine-__Ryc2wW.js:5
(anonymous) @ vendor-alpine-__Ryc2wW.js:5
Ar @ vendor-alpine-__Ryc2wW.js:5
(anonymous) @ app-Ch4PinNM.js:1
vendor-alpine-__Ryc2wW.js:5 Uncaught TypeError: r.call(...).catch is not a function
    at vendor-alpine-__Ryc2wW.js:5:1137
    at _r (vendor-alpine-__Ryc2wW.js:1:5565)
    at L (vendor-alpine-__Ryc2wW.js:5:143)
    at Function.<anonymous> (vendor-alpine-__Ryc2wW.js:5:33900)
    at n (vendor-alpine-__Ryc2wW.js:5:2378)
    at r (vendor-alpine-__Ryc2wW.js:5:2407)
    at mr (vendor-alpine-__Ryc2wW.js:5:2417)
    at C (vendor-alpine-__Ryc2wW.js:5:5188)
    at vendor-alpine-__Ryc2wW.js:5:4616
    at Array.forEach (<anonymous>)
(anonymous) @ vendor-alpine-__Ryc2wW.js:5
_r @ vendor-alpine-__Ryc2wW.js:1
L @ vendor-alpine-__Ryc2wW.js:5
(anonymous) @ vendor-alpine-__Ryc2wW.js:5
n @ vendor-alpine-__Ryc2wW.js:5
r @ vendor-alpine-__Ryc2wW.js:5
mr @ vendor-alpine-__Ryc2wW.js:5
C @ vendor-alpine-__Ryc2wW.js:5
(anonymous) @ vendor-alpine-__Ryc2wW.js:5
Ar @ vendor-alpine-__Ryc2wW.js:5
(anonymous) @ app-Ch4PinNM.js:1
vendor-alpine-__Ryc2wW.js:5 Uncaught ReferenceError: collapsed is not defined
    at [Alpine] !collapsed (eval at <anonymous> (vendor-alpine-__Ryc2wW.js:5:704), <anonymous>:3:33)
    at vendor-alpine-__Ryc2wW.js:5:1120
    at _r (vendor-alpine-__Ryc2wW.js:1:5565)
    at vendor-alpine-__Ryc2wW.js:5:34809
    at n (vendor-alpine-__Ryc2wW.js:5:18163)
    at Object.gi [as effect] (vendor-alpine-__Ryc2wW.js:5:17951)
    at B (vendor-alpine-__Ryc2wW.js:1:956)
    at vendor-alpine-__Ryc2wW.js:1:1069
    at Function.<anonymous> (vendor-alpine-__Ryc2wW.js:5:34803)
    at n (vendor-alpine-__Ryc2wW.js:5:2378)
[Alpine] !collapsed @ VM2987:3
(anonymous) @ vendor-alpine-__Ryc2wW.js:5
_r @ vendor-alpine-__Ryc2wW.js:1
(anonymous) @ vendor-alpine-__Ryc2wW.js:5
n @ vendor-alpine-__Ryc2wW.js:5
gi @ vendor-alpine-__Ryc2wW.js:5
B @ vendor-alpine-__Ryc2wW.js:1
(anonymous) @ vendor-alpine-__Ryc2wW.js:1
(anonymous) @ vendor-alpine-__Ryc2wW.js:5
n @ vendor-alpine-__Ryc2wW.js:5
r @ vendor-alpine-__Ryc2wW.js:5
mr @ vendor-alpine-__Ryc2wW.js:5
C @ vendor-alpine-__Ryc2wW.js:5
(anonymous) @ vendor-alpine-__Ryc2wW.js:5
Ar @ vendor-alpine-__Ryc2wW.js:5
(anonymous) @ app-Ch4PinNM.js:1
vendor-alpine-__Ryc2wW.js:5 Uncaught ReferenceError: collapsed is not defined
    at [Alpine] !collapsed && !open (eval at <anonymous> (vendor-alpine-__Ryc2wW.js:5:704), <anonymous>:3:33)
    at vendor-alpine-__Ryc2wW.js:5:1120
    at _r (vendor-alpine-__Ryc2wW.js:1:5565)
    at vendor-alpine-__Ryc2wW.js:5:34809
    at n (vendor-alpine-__Ryc2wW.js:5:18163)
    at Object.gi [as effect] (vendor-alpine-__Ryc2wW.js:5:17951)
    at B (vendor-alpine-__Ryc2wW.js:1:956)
    at vendor-alpine-__Ryc2wW.js:1:1069
    at Function.<anonymous> (vendor-alpine-__Ryc2wW.js:5:34803)
    at n (vendor-alpine-__Ryc2wW.js:5:2378)
[Alpine] !collapsed && !open @ VM2994:3
(anonymous) @ vendor-alpine-__Ryc2wW.js:5
_r @ vendor-alpine-__Ryc2wW.js:1
(anonymous) @ vendor-alpine-__Ryc2wW.js:5
n @ vendor-alpine-__Ryc2wW.js:5
gi @ vendor-alpine-__Ryc2wW.js:5
B @ vendor-alpine-__Ryc2wW.js:1
(anonymous) @ vendor-alpine-__Ryc2wW.js:1
(anonymous) @ vendor-alpine-__Ryc2wW.js:5
n @ vendor-alpine-__Ryc2wW.js:5
r @ vendor-alpine-__Ryc2wW.js:5
mr @ vendor-alpine-__Ryc2wW.js:5
C @ vendor-alpine-__Ryc2wW.js:5
(anonymous) @ vendor-alpine-__Ryc2wW.js:5
Ar @ vendor-alpine-__Ryc2wW.js:5
(anonymous) @ app-Ch4PinNM.js:1
vendor-alpine-__Ryc2wW.js:5 Uncaught ReferenceError: collapsed is not defined
    at [Alpine] !collapsed && open (eval at <anonymous> (vendor-alpine-__Ryc2wW.js:5:704), <anonymous>:3:33)
    at vendor-alpine-__Ryc2wW.js:5:1120
    at _r (vendor-alpine-__Ryc2wW.js:1:5565)
    at vendor-alpine-__Ryc2wW.js:5:34809
    at n (vendor-alpine-__Ryc2wW.js:5:18163)
    at Object.gi [as effect] (vendor-alpine-__Ryc2wW.js:5:17951)
    at B (vendor-alpine-__Ryc2wW.js:1:956)
    at vendor-alpine-__Ryc2wW.js:1:1069
    at Function.<anonymous> (vendor-alpine-__Ryc2wW.js:5:34803)
    at n (vendor-alpine-__Ryc2wW.js:5:2378)
[Alpine] !collapsed && open @ VM2995:3
(anonymous) @ vendor-alpine-__Ryc2wW.js:5
_r @ vendor-alpine-__Ryc2wW.js:1
(anonymous) @ vendor-alpine-__Ryc2wW.js:5
n @ vendor-alpine-__Ryc2wW.js:5
gi @ vendor-alpine-__Ryc2wW.js:5
B @ vendor-alpine-__Ryc2wW.js:1
(anonymous) @ vendor-alpine-__Ryc2wW.js:1
(anonymous) @ vendor-alpine-__Ryc2wW.js:5
n @ vendor-alpine-__Ryc2wW.js:5
r @ vendor-alpine-__Ryc2wW.js:5
mr @ vendor-alpine-__Ryc2wW.js:5
C @ vendor-alpine-__Ryc2wW.js:5
(anonymous) @ vendor-alpine-__Ryc2wW.js:5
Ar @ vendor-alpine-__Ryc2wW.js:5
(anonymous) @ app-Ch4PinNM.js:1
vendor-alpine-__Ryc2wW.js:5 Uncaught ReferenceError: collapsed is not defined
    at [Alpine] collapsed ? 'submenu-dropdown' : 'submenu-container space-y-1' (eval at <anonymous> (vendor-alpine-__Ryc2wW.js:5:704), <anonymous>:3:32)
    at vendor-alpine-__Ryc2wW.js:5:1120
    at _r (vendor-alpine-__Ryc2wW.js:1:5565)
    at vendor-alpine-__Ryc2wW.js:5:33374
    at n (vendor-alpine-__Ryc2wW.js:5:18163)
    at Object.gi [as effect] (vendor-alpine-__Ryc2wW.js:5:17951)
    at B (vendor-alpine-__Ryc2wW.js:1:956)
    at vendor-alpine-__Ryc2wW.js:1:1069
    at Hn (vendor-alpine-__Ryc2wW.js:5:33368)
    at n (vendor-alpine-__Ryc2wW.js:5:2378)
[Alpine] collapsed ? 'submenu-dropdown' : 'submenu-container space-y-1' @ VM2996:3
(anonymous) @ vendor-alpine-__Ryc2wW.js:5
_r @ vendor-alpine-__Ryc2wW.js:1
(anonymous) @ vendor-alpine-__Ryc2wW.js:5
n @ vendor-alpine-__Ryc2wW.js:5
gi @ vendor-alpine-__Ryc2wW.js:5
B @ vendor-alpine-__Ryc2wW.js:1
(anonymous) @ vendor-alpine-__Ryc2wW.js:1
Hn @ vendor-alpine-__Ryc2wW.js:5
n @ vendor-alpine-__Ryc2wW.js:5
r @ vendor-alpine-__Ryc2wW.js:5
mr @ vendor-alpine-__Ryc2wW.js:5
C @ vendor-alpine-__Ryc2wW.js:5
(anonymous) @ vendor-alpine-__Ryc2wW.js:5
Ar @ vendor-alpine-__Ryc2wW.js:5
(anonymous) @ app-Ch4PinNM.js:1
vendor-alpine-__Ryc2wW.js:5 Uncaught ReferenceError: collapsed is not defined
    at [Alpine] (collapsed && hovered) || (!collapsed && open) (eval at <anonymous> (https://jara.my/build/assets/vendor-alpine-__Ryc2wW.js:5:704), <anonymous>:3:33)
    at vendor-alpine-__Ryc2wW.js:5:1120
    at _r (vendor-alpine-__Ryc2wW.js:1:5565)
    at vendor-alpine-__Ryc2wW.js:5:34809
    at n (vendor-alpine-__Ryc2wW.js:5:18163)
    at Object.gi [as effect] (vendor-alpine-__Ryc2wW.js:5:17951)
    at B (vendor-alpine-__Ryc2wW.js:1:956)
    at vendor-alpine-__Ryc2wW.js:1:1069
    at Function.<anonymous> (vendor-alpine-__Ryc2wW.js:5:34803)
    at n (vendor-alpine-__Ryc2wW.js:5:2378)
[Alpine] (collapsed && hovered) || (!collapsed && open) @ VM2997:3
(anonymous) @ vendor-alpine-__Ryc2wW.js:5
_r @ vendor-alpine-__Ryc2wW.js:1
(anonymous) @ vendor-alpine-__Ryc2wW.js:5
n @ vendor-alpine-__Ryc2wW.js:5
gi @ vendor-alpine-__Ryc2wW.js:5
B @ vendor-alpine-__Ryc2wW.js:1
(anonymous) @ vendor-alpine-__Ryc2wW.js:1
(anonymous) @ vendor-alpine-__Ryc2wW.js:5
n @ vendor-alpine-__Ryc2wW.js:5
r @ vendor-alpine-__Ryc2wW.js:5
mr @ vendor-alpine-__Ryc2wW.js:5
C @ vendor-alpine-__Ryc2wW.js:5
(anonymous) @ vendor-alpine-__Ryc2wW.js:5
Ar @ vendor-alpine-__Ryc2wW.js:5
(anonymous) @ app-Ch4PinNM.js:1
vendor-alpine-__Ryc2wW.js:5 Uncaught TypeError: r.call(...).catch is not a function
    at vendor-alpine-__Ryc2wW.js:5:1137
    at _r (vendor-alpine-__Ryc2wW.js:1:5565)
    at L (vendor-alpine-__Ryc2wW.js:5:143)
    at Function.<anonymous> (vendor-alpine-__Ryc2wW.js:5:33900)
    at n (vendor-alpine-__Ryc2wW.js:5:2378)
    at r (vendor-alpine-__Ryc2wW.js:5:2407)
    at mr (vendor-alpine-__Ryc2wW.js:5:2417)
    at C (vendor-alpine-__Ryc2wW.js:5:5188)
    at vendor-alpine-__Ryc2wW.js:5:4616
    at Array.forEach (<anonymous>)
(anonymous) @ vendor-alpine-__Ryc2wW.js:5
_r @ vendor-alpine-__Ryc2wW.js:1
L @ vendor-alpine-__Ryc2wW.js:5
(anonymous) @ vendor-alpine-__Ryc2wW.js:5
n @ vendor-alpine-__Ryc2wW.js:5
r @ vendor-alpine-__Ryc2wW.js:5
mr @ vendor-alpine-__Ryc2wW.js:5
C @ vendor-alpine-__Ryc2wW.js:5
(anonymous) @ vendor-alpine-__Ryc2wW.js:5
Ar @ vendor-alpine-__Ryc2wW.js:5
(anonymous) @ app-Ch4PinNM.js:1
vendor-alpine-__Ryc2wW.js:5 Uncaught ReferenceError: showOverlay is not defined
    at [Alpine] showOverlay (eval at <anonymous> (vendor-alpine-__Ryc2wW.js:5:704), <anonymous>:3:32)
    at vendor-alpine-__Ryc2wW.js:5:1120
    at _r (vendor-alpine-__Ryc2wW.js:1:5565)
    at vendor-alpine-__Ryc2wW.js:5:34809
    at n (vendor-alpine-__Ryc2wW.js:5:18163)
    at Object.gi [as effect] (vendor-alpine-__Ryc2wW.js:5:17951)
    at B (vendor-alpine-__Ryc2wW.js:1:956)
    at vendor-alpine-__Ryc2wW.js:1:1069
    at Function.<anonymous> (vendor-alpine-__Ryc2wW.js:5:34803)
    at n (vendor-alpine-__Ryc2wW.js:5:2378)
[Alpine] showOverlay @ VM2999:3
(anonymous) @ vendor-alpine-__Ryc2wW.js:5
_r @ vendor-alpine-__Ryc2wW.js:1
(anonymous) @ vendor-alpine-__Ryc2wW.js:5
n @ vendor-alpine-__Ryc2wW.js:5
gi @ vendor-alpine-__Ryc2wW.js:5
B @ vendor-alpine-__Ryc2wW.js:1
(anonymous) @ vendor-alpine-__Ryc2wW.js:1
(anonymous) @ vendor-alpine-__Ryc2wW.js:5
n @ vendor-alpine-__Ryc2wW.js:5
r @ vendor-alpine-__Ryc2wW.js:5
mr @ vendor-alpine-__Ryc2wW.js:5
C @ vendor-alpine-__Ryc2wW.js:5
(anonymous) @ vendor-alpine-__Ryc2wW.js:5
Ar @ vendor-alpine-__Ryc2wW.js:5
(anonymous) @ app-Ch4PinNM.js:1
vendor-alpine-__Ryc2wW.js:5 Uncaught ReferenceError: sidebarCollapsed is not defined
    at [Alpine] sidebarCollapsed ? 'main-content-collapsed' : 'main-content-expanded' (eval at <anonymous> (vendor-alpine-__Ryc2wW.js:5:704), <anonymous>:3:32)
    at vendor-alpine-__Ryc2wW.js:5:1120
    at _r (vendor-alpine-__Ryc2wW.js:1:5565)
    at vendor-alpine-__Ryc2wW.js:5:33374
    at n (vendor-alpine-__Ryc2wW.js:5:18163)
    at Object.gi [as effect] (vendor-alpine-__Ryc2wW.js:5:17951)
    at B (vendor-alpine-__Ryc2wW.js:1:956)
    at vendor-alpine-__Ryc2wW.js:1:1069
    at Hn (vendor-alpine-__Ryc2wW.js:5:33368)
    at n (vendor-alpine-__Ryc2wW.js:5:2378)
[Alpine] sidebarCollapsed ? 'main-content-collapsed' : 'main-content-expanded' @ VM3003:3
(anonymous) @ vendor-alpine-__Ryc2wW.js:5
_r @ vendor-alpine-__Ryc2wW.js:1
(anonymous) @ vendor-alpine-__Ryc2wW.js:5
n @ vendor-alpine-__Ryc2wW.js:5
gi @ vendor-alpine-__Ryc2wW.js:5
B @ vendor-alpine-__Ryc2wW.js:1
(anonymous) @ vendor-alpine-__Ryc2wW.js:1
Hn @ vendor-alpine-__Ryc2wW.js:5
n @ vendor-alpine-__Ryc2wW.js:5
r @ vendor-alpine-__Ryc2wW.js:5
mr @ vendor-alpine-__Ryc2wW.js:5
C @ vendor-alpine-__Ryc2wW.js:5
(anonymous) @ vendor-alpine-__Ryc2wW.js:5
Ar @ vendor-alpine-__Ryc2wW.js:5
(anonymous) @ app-Ch4PinNM.js:1
vendor-alpine-__Ryc2wW.js:5 Uncaught TypeError: r.call(...).catch is not a function
    at vendor-alpine-__Ryc2wW.js:5:1137
    at _r (vendor-alpine-__Ryc2wW.js:1:5565)
    at L (vendor-alpine-__Ryc2wW.js:5:143)
    at Function.<anonymous> (vendor-alpine-__Ryc2wW.js:5:33900)
    at n (vendor-alpine-__Ryc2wW.js:5:2378)
    at r (vendor-alpine-__Ryc2wW.js:5:2407)
    at mr (vendor-alpine-__Ryc2wW.js:5:2417)
    at C (vendor-alpine-__Ryc2wW.js:5:5188)
    at vendor-alpine-__Ryc2wW.js:5:4616
    at Array.forEach (<anonymous>)
(anonymous) @ vendor-alpine-__Ryc2wW.js:5
_r @ vendor-alpine-__Ryc2wW.js:1
L @ vendor-alpine-__Ryc2wW.js:5
(anonymous) @ vendor-alpine-__Ryc2wW.js:5
n @ vendor-alpine-__Ryc2wW.js:5
r @ vendor-alpine-__Ryc2wW.js:5
mr @ vendor-alpine-__Ryc2wW.js:5
C @ vendor-alpine-__Ryc2wW.js:5
(anonymous) @ vendor-alpine-__Ryc2wW.js:5
Ar @ vendor-alpine-__Ryc2wW.js:5
(anonymous) @ app-Ch4PinNM.js:1
vendor-alpine-__Ryc2wW.js:5 Uncaught ReferenceError: updateTime is not defined
    at [Alpine] updateTime(); setInterval(() => updateTime(), 1000) (eval at <anonymous> (https://jara.my/build/assets/vendor-alpine-__Ryc2wW.js:5:704), <anonymous>:3:16)
    at vendor-alpine-__Ryc2wW.js:5:1120
    at _r (vendor-alpine-__Ryc2wW.js:1:5565)
    at L (vendor-alpine-__Ryc2wW.js:5:143)
    at vendor-alpine-__Ryc2wW.js:5:32779
    at Function.<anonymous> (vendor-alpine-__Ryc2wW.js:5:11705)
    at n (vendor-alpine-__Ryc2wW.js:5:2378)
    at r (vendor-alpine-__Ryc2wW.js:5:2407)
    at mr (vendor-alpine-__Ryc2wW.js:5:2417)
    at C (vendor-alpine-__Ryc2wW.js:5:5188)
[Alpine] updateTime(); setInterval(() => updateTime(), 1000) @ VM3005:3
(anonymous) @ vendor-alpine-__Ryc2wW.js:5
_r @ vendor-alpine-__Ryc2wW.js:1
L @ vendor-alpine-__Ryc2wW.js:5
(anonymous) @ vendor-alpine-__Ryc2wW.js:5
(anonymous) @ vendor-alpine-__Ryc2wW.js:5
n @ vendor-alpine-__Ryc2wW.js:5
r @ vendor-alpine-__Ryc2wW.js:5
mr @ vendor-alpine-__Ryc2wW.js:5
C @ vendor-alpine-__Ryc2wW.js:5
(anonymous) @ vendor-alpine-__Ryc2wW.js:5
Ar @ vendor-alpine-__Ryc2wW.js:5
(anonymous) @ app-Ch4PinNM.js:1
vendor-alpine-__Ryc2wW.js:5 Uncaught ReferenceError: time is not defined
    at [Alpine] time (eval at <anonymous> (vendor-alpine-__Ryc2wW.js:5:704), <anonymous>:3:32)
    at vendor-alpine-__Ryc2wW.js:5:1120
    at _r (vendor-alpine-__Ryc2wW.js:1:5565)
    at vendor-alpine-__Ryc2wW.js:5:32878
    at n (vendor-alpine-__Ryc2wW.js:5:18163)
    at Object.gi [as effect] (vendor-alpine-__Ryc2wW.js:5:17951)
    at B (vendor-alpine-__Ryc2wW.js:1:956)
    at vendor-alpine-__Ryc2wW.js:1:1069
    at Function.<anonymous> (vendor-alpine-__Ryc2wW.js:5:32871)
    at n (vendor-alpine-__Ryc2wW.js:5:2378)
[Alpine] time @ VM3006:3
(anonymous) @ vendor-alpine-__Ryc2wW.js:5
_r @ vendor-alpine-__Ryc2wW.js:1
(anonymous) @ vendor-alpine-__Ryc2wW.js:5
n @ vendor-alpine-__Ryc2wW.js:5
gi @ vendor-alpine-__Ryc2wW.js:5
B @ vendor-alpine-__Ryc2wW.js:1
(anonymous) @ vendor-alpine-__Ryc2wW.js:1
(anonymous) @ vendor-alpine-__Ryc2wW.js:5
n @ vendor-alpine-__Ryc2wW.js:5
r @ vendor-alpine-__Ryc2wW.js:5
mr @ vendor-alpine-__Ryc2wW.js:5
C @ vendor-alpine-__Ryc2wW.js:5
(anonymous) @ vendor-alpine-__Ryc2wW.js:5
Ar @ vendor-alpine-__Ryc2wW.js:5
(anonymous) @ app-Ch4PinNM.js:1
vendor-alpine-__Ryc2wW.js:5 Uncaught TypeError: r.call(...).catch is not a function
    at vendor-alpine-__Ryc2wW.js:5:1137
    at _r (vendor-alpine-__Ryc2wW.js:1:5565)
    at L (vendor-alpine-__Ryc2wW.js:5:143)
    at Function.<anonymous> (vendor-alpine-__Ryc2wW.js:5:33900)
    at n (vendor-alpine-__Ryc2wW.js:5:2378)
    at r (vendor-alpine-__Ryc2wW.js:5:2407)
    at mr (vendor-alpine-__Ryc2wW.js:5:2417)
    at C (vendor-alpine-__Ryc2wW.js:5:5188)
    at vendor-alpine-__Ryc2wW.js:5:4616
    at Array.forEach (<anonymous>)
(anonymous) @ vendor-alpine-__Ryc2wW.js:5
_r @ vendor-alpine-__Ryc2wW.js:1
L @ vendor-alpine-__Ryc2wW.js:5
(anonymous) @ vendor-alpine-__Ryc2wW.js:5
n @ vendor-alpine-__Ryc2wW.js:5
r @ vendor-alpine-__Ryc2wW.js:5
mr @ vendor-alpine-__Ryc2wW.js:5
C @ vendor-alpine-__Ryc2wW.js:5
(anonymous) @ vendor-alpine-__Ryc2wW.js:5
Ar @ vendor-alpine-__Ryc2wW.js:5
(anonymous) @ app-Ch4PinNM.js:1
vendor-alpine-__Ryc2wW.js:5 Uncaught ReferenceError: unreadCount is not defined
    at [Alpine] unreadCount > 0 (eval at <anonymous> (vendor-alpine-__Ryc2wW.js:5:704), <anonymous>:3:32)
    at vendor-alpine-__Ryc2wW.js:5:1120
    at _r (vendor-alpine-__Ryc2wW.js:1:5565)
    at vendor-alpine-__Ryc2wW.js:5:34809
    at n (vendor-alpine-__Ryc2wW.js:5:18163)
    at Object.gi [as effect] (vendor-alpine-__Ryc2wW.js:5:17951)
    at B (vendor-alpine-__Ryc2wW.js:1:956)
    at vendor-alpine-__Ryc2wW.js:1:1069
    at Function.<anonymous> (vendor-alpine-__Ryc2wW.js:5:34803)
    at n (vendor-alpine-__Ryc2wW.js:5:2378)
[Alpine] unreadCount > 0 @ VM3010:3
(anonymous) @ vendor-alpine-__Ryc2wW.js:5
_r @ vendor-alpine-__Ryc2wW.js:1
(anonymous) @ vendor-alpine-__Ryc2wW.js:5
n @ vendor-alpine-__Ryc2wW.js:5
gi @ vendor-alpine-__Ryc2wW.js:5
B @ vendor-alpine-__Ryc2wW.js:1
(anonymous) @ vendor-alpine-__Ryc2wW.js:1
(anonymous) @ vendor-alpine-__Ryc2wW.js:5
n @ vendor-alpine-__Ryc2wW.js:5
r @ vendor-alpine-__Ryc2wW.js:5
mr @ vendor-alpine-__Ryc2wW.js:5
C @ vendor-alpine-__Ryc2wW.js:5
(anonymous) @ vendor-alpine-__Ryc2wW.js:5
Ar @ vendor-alpine-__Ryc2wW.js:5
(anonymous) @ app-Ch4PinNM.js:1
vendor-alpine-__Ryc2wW.js:5 Uncaught ReferenceError: unreadCount is not defined
    at [Alpine] unreadCount (eval at <anonymous> (vendor-alpine-__Ryc2wW.js:5:704), <anonymous>:3:32)
    at vendor-alpine-__Ryc2wW.js:5:1120
    at _r (vendor-alpine-__Ryc2wW.js:1:5565)
    at vendor-alpine-__Ryc2wW.js:5:32878
    at n (vendor-alpine-__Ryc2wW.js:5:18163)
    at Object.gi [as effect] (vendor-alpine-__Ryc2wW.js:5:17951)
    at B (vendor-alpine-__Ryc2wW.js:1:956)
    at vendor-alpine-__Ryc2wW.js:1:1069
    at Function.<anonymous> (vendor-alpine-__Ryc2wW.js:5:32871)
    at n (vendor-alpine-__Ryc2wW.js:5:2378)
[Alpine] unreadCount @ VM3011:3
(anonymous) @ vendor-alpine-__Ryc2wW.js:5
_r @ vendor-alpine-__Ryc2wW.js:1
(anonymous) @ vendor-alpine-__Ryc2wW.js:5
n @ vendor-alpine-__Ryc2wW.js:5
gi @ vendor-alpine-__Ryc2wW.js:5
B @ vendor-alpine-__Ryc2wW.js:1
(anonymous) @ vendor-alpine-__Ryc2wW.js:1
(anonymous) @ vendor-alpine-__Ryc2wW.js:5
n @ vendor-alpine-__Ryc2wW.js:5
r @ vendor-alpine-__Ryc2wW.js:5
mr @ vendor-alpine-__Ryc2wW.js:5
C @ vendor-alpine-__Ryc2wW.js:5
(anonymous) @ vendor-alpine-__Ryc2wW.js:5
Ar @ vendor-alpine-__Ryc2wW.js:5
(anonymous) @ app-Ch4PinNM.js:1
vendor-alpine-__Ryc2wW.js:5 Uncaught TypeError: r.call(...).catch is not a function
    at vendor-alpine-__Ryc2wW.js:5:1137
    at _r (vendor-alpine-__Ryc2wW.js:1:5565)
    at vendor-alpine-__Ryc2wW.js:5:34809
    at n (vendor-alpine-__Ryc2wW.js:5:18163)
    at Object.gi [as effect] (vendor-alpine-__Ryc2wW.js:5:17951)
    at B (vendor-alpine-__Ryc2wW.js:1:956)
    at vendor-alpine-__Ryc2wW.js:1:1069
    at Function.<anonymous> (vendor-alpine-__Ryc2wW.js:5:34803)
    at n (vendor-alpine-__Ryc2wW.js:5:2378)
    at r (vendor-alpine-__Ryc2wW.js:5:2407)
(anonymous) @ vendor-alpine-__Ryc2wW.js:5
_r @ vendor-alpine-__Ryc2wW.js:1
(anonymous) @ vendor-alpine-__Ryc2wW.js:5
n @ vendor-alpine-__Ryc2wW.js:5
gi @ vendor-alpine-__Ryc2wW.js:5
B @ vendor-alpine-__Ryc2wW.js:1
(anonymous) @ vendor-alpine-__Ryc2wW.js:1
(anonymous) @ vendor-alpine-__Ryc2wW.js:5
n @ vendor-alpine-__Ryc2wW.js:5
r @ vendor-alpine-__Ryc2wW.js:5
mr @ vendor-alpine-__Ryc2wW.js:5
C @ vendor-alpine-__Ryc2wW.js:5
(anonymous) @ vendor-alpine-__Ryc2wW.js:5
Ar @ vendor-alpine-__Ryc2wW.js:5
(anonymous) @ app-Ch4PinNM.js:1
vendor-alpine-__Ryc2wW.js:5 Uncaught ReferenceError: unreadCount is not defined
    at [Alpine] unreadCount > 0 (eval at <anonymous> (vendor-alpine-__Ryc2wW.js:5:704), <anonymous>:3:32)
    at vendor-alpine-__Ryc2wW.js:5:1120
    at _r (vendor-alpine-__Ryc2wW.js:1:5565)
    at vendor-alpine-__Ryc2wW.js:5:34809
    at n (vendor-alpine-__Ryc2wW.js:5:18163)
    at Object.gi [as effect] (vendor-alpine-__Ryc2wW.js:5:17951)
    at B (vendor-alpine-__Ryc2wW.js:1:956)
    at vendor-alpine-__Ryc2wW.js:1:1069
    at Function.<anonymous> (vendor-alpine-__Ryc2wW.js:5:34803)
    at n (vendor-alpine-__Ryc2wW.js:5:2378)
[Alpine] unreadCount > 0 @ VM3010:3
(anonymous) @ vendor-alpine-__Ryc2wW.js:5
_r @ vendor-alpine-__Ryc2wW.js:1
(anonymous) @ vendor-alpine-__Ryc2wW.js:5
n @ vendor-alpine-__Ryc2wW.js:5
gi @ vendor-alpine-__Ryc2wW.js:5
B @ vendor-alpine-__Ryc2wW.js:1
(anonymous) @ vendor-alpine-__Ryc2wW.js:1
(anonymous) @ vendor-alpine-__Ryc2wW.js:5
n @ vendor-alpine-__Ryc2wW.js:5
r @ vendor-alpine-__Ryc2wW.js:5
mr @ vendor-alpine-__Ryc2wW.js:5
C @ vendor-alpine-__Ryc2wW.js:5
(anonymous) @ vendor-alpine-__Ryc2wW.js:5
Ar @ vendor-alpine-__Ryc2wW.js:5
(anonymous) @ app-Ch4PinNM.js:1
vendor-alpine-__Ryc2wW.js:5 Uncaught ReferenceError: loading is not defined
    at [Alpine] loading (eval at <anonymous> (vendor-alpine-__Ryc2wW.js:5:704), <anonymous>:3:32)
    at vendor-alpine-__Ryc2wW.js:5:1120
    at _r (vendor-alpine-__Ryc2wW.js:1:5565)
    at vendor-alpine-__Ryc2wW.js:5:38306
    at n (vendor-alpine-__Ryc2wW.js:5:18163)
    at Object.gi [as effect] (vendor-alpine-__Ryc2wW.js:5:17951)
    at B (vendor-alpine-__Ryc2wW.js:1:956)
    at vendor-alpine-__Ryc2wW.js:1:1069
    at Function.<anonymous> (vendor-alpine-__Ryc2wW.js:5:38300)
    at n (vendor-alpine-__Ryc2wW.js:5:2378)
[Alpine] loading @ VM3014:3
(anonymous) @ vendor-alpine-__Ryc2wW.js:5
_r @ vendor-alpine-__Ryc2wW.js:1
(anonymous) @ vendor-alpine-__Ryc2wW.js:5
n @ vendor-alpine-__Ryc2wW.js:5
gi @ vendor-alpine-__Ryc2wW.js:5
B @ vendor-alpine-__Ryc2wW.js:1
(anonymous) @ vendor-alpine-__Ryc2wW.js:1
(anonymous) @ vendor-alpine-__Ryc2wW.js:5
n @ vendor-alpine-__Ryc2wW.js:5
r @ vendor-alpine-__Ryc2wW.js:5
mr @ vendor-alpine-__Ryc2wW.js:5
C @ vendor-alpine-__Ryc2wW.js:5
(anonymous) @ vendor-alpine-__Ryc2wW.js:5
Ar @ vendor-alpine-__Ryc2wW.js:5
(anonymous) @ app-Ch4PinNM.js:1
vendor-alpine-__Ryc2wW.js:5 Uncaught ReferenceError: loading is not defined
    at [Alpine] !loading && notifications.length === 0 (eval at <anonymous> (vendor-alpine-__Ryc2wW.js:5:704), <anonymous>:3:33)
    at vendor-alpine-__Ryc2wW.js:5:1120
    at _r (vendor-alpine-__Ryc2wW.js:1:5565)
    at vendor-alpine-__Ryc2wW.js:5:38306
    at n (vendor-alpine-__Ryc2wW.js:5:18163)
    at Object.gi [as effect] (vendor-alpine-__Ryc2wW.js:5:17951)
    at B (vendor-alpine-__Ryc2wW.js:1:956)
    at vendor-alpine-__Ryc2wW.js:1:1069
    at Function.<anonymous> (vendor-alpine-__Ryc2wW.js:5:38300)
    at n (vendor-alpine-__Ryc2wW.js:5:2378)
[Alpine] !loading && notifications.length === 0 @ VM3015:3
(anonymous) @ vendor-alpine-__Ryc2wW.js:5
_r @ vendor-alpine-__Ryc2wW.js:1
(anonymous) @ vendor-alpine-__Ryc2wW.js:5
n @ vendor-alpine-__Ryc2wW.js:5
gi @ vendor-alpine-__Ryc2wW.js:5
B @ vendor-alpine-__Ryc2wW.js:1
(anonymous) @ vendor-alpine-__Ryc2wW.js:1
(anonymous) @ vendor-alpine-__Ryc2wW.js:5
n @ vendor-alpine-__Ryc2wW.js:5
r @ vendor-alpine-__Ryc2wW.js:5
mr @ vendor-alpine-__Ryc2wW.js:5
C @ vendor-alpine-__Ryc2wW.js:5
(anonymous) @ vendor-alpine-__Ryc2wW.js:5
Ar @ vendor-alpine-__Ryc2wW.js:5
(anonymous) @ app-Ch4PinNM.js:1
vendor-alpine-__Ryc2wW.js:5 Uncaught ReferenceError: notifications is not defined
    at [Alpine] notifications (eval at <anonymous> (vendor-alpine-__Ryc2wW.js:5:704), <anonymous>:3:32)
    at vendor-alpine-__Ryc2wW.js:5:1120
    at _r (vendor-alpine-__Ryc2wW.js:1:5565)
    at no (vendor-alpine-__Ryc2wW.js:5:35234)
    at vendor-alpine-__Ryc2wW.js:5:35034
    at n (vendor-alpine-__Ryc2wW.js:5:18163)
    at Object.gi [as effect] (vendor-alpine-__Ryc2wW.js:5:17951)
    at B (vendor-alpine-__Ryc2wW.js:1:956)
    at vendor-alpine-__Ryc2wW.js:1:1069
    at Function.<anonymous> (vendor-alpine-__Ryc2wW.js:5:35028)
[Alpine] notifications @ VM3016:3
(anonymous) @ vendor-alpine-__Ryc2wW.js:5
_r @ vendor-alpine-__Ryc2wW.js:1
no @ vendor-alpine-__Ryc2wW.js:5
(anonymous) @ vendor-alpine-__Ryc2wW.js:5
n @ vendor-alpine-__Ryc2wW.js:5
gi @ vendor-alpine-__Ryc2wW.js:5
B @ vendor-alpine-__Ryc2wW.js:1
(anonymous) @ vendor-alpine-__Ryc2wW.js:1
(anonymous) @ vendor-alpine-__Ryc2wW.js:5
n @ vendor-alpine-__Ryc2wW.js:5
r @ vendor-alpine-__Ryc2wW.js:5
mr @ vendor-alpine-__Ryc2wW.js:5
C @ vendor-alpine-__Ryc2wW.js:5
(anonymous) @ vendor-alpine-__Ryc2wW.js:5
Ar @ vendor-alpine-__Ryc2wW.js:5
(anonymous) @ app-Ch4PinNM.js:1
vendor-alpine-__Ryc2wW.js:5 Uncaught TypeError: r.call(...).catch is not a function
    at vendor-alpine-__Ryc2wW.js:5:1137
    at _r (vendor-alpine-__Ryc2wW.js:1:5565)
    at L (vendor-alpine-__Ryc2wW.js:5:143)
    at Function.<anonymous> (vendor-alpine-__Ryc2wW.js:5:33900)
    at n (vendor-alpine-__Ryc2wW.js:5:2378)
    at r (vendor-alpine-__Ryc2wW.js:5:2407)
    at mr (vendor-alpine-__Ryc2wW.js:5:2417)
    at C (vendor-alpine-__Ryc2wW.js:5:5188)
    at vendor-alpine-__Ryc2wW.js:5:4616
    at Array.forEach (<anonymous>)
(anonymous) @ vendor-alpine-__Ryc2wW.js:5
_r @ vendor-alpine-__Ryc2wW.js:1
L @ vendor-alpine-__Ryc2wW.js:5
(anonymous) @ vendor-alpine-__Ryc2wW.js:5
n @ vendor-alpine-__Ryc2wW.js:5
r @ vendor-alpine-__Ryc2wW.js:5
mr @ vendor-alpine-__Ryc2wW.js:5
C @ vendor-alpine-__Ryc2wW.js:5
(anonymous) @ vendor-alpine-__Ryc2wW.js:5
Ar @ vendor-alpine-__Ryc2wW.js:5
(anonymous) @ app-Ch4PinNM.js:1
vendor-alpine-__Ryc2wW.js:5 Uncaught TypeError: r.call(...).catch is not a function
    at vendor-alpine-__Ryc2wW.js:5:1137
    at _r (vendor-alpine-__Ryc2wW.js:1:5565)
    at vendor-alpine-__Ryc2wW.js:5:34809
    at n (vendor-alpine-__Ryc2wW.js:5:18163)
    at Object.gi [as effect] (vendor-alpine-__Ryc2wW.js:5:17951)
    at B (vendor-alpine-__Ryc2wW.js:1:956)
    at vendor-alpine-__Ryc2wW.js:1:1069
    at Function.<anonymous> (vendor-alpine-__Ryc2wW.js:5:34803)
    at n (vendor-alpine-__Ryc2wW.js:5:2378)
    at r (vendor-alpine-__Ryc2wW.js:5:2407)
(anonymous) @ vendor-alpine-__Ryc2wW.js:5
_r @ vendor-alpine-__Ryc2wW.js:1
(anonymous) @ vendor-alpine-__Ryc2wW.js:5
n @ vendor-alpine-__Ryc2wW.js:5
gi @ vendor-alpine-__Ryc2wW.js:5
B @ vendor-alpine-__Ryc2wW.js:1
(anonymous) @ vendor-alpine-__Ryc2wW.js:1
(anonymous) @ vendor-alpine-__Ryc2wW.js:5
n @ vendor-alpine-__Ryc2wW.js:5
r @ vendor-alpine-__Ryc2wW.js:5
mr @ vendor-alpine-__Ryc2wW.js:5
C @ vendor-alpine-__Ryc2wW.js:5
(anonymous) @ vendor-alpine-__Ryc2wW.js:5
Ar @ vendor-alpine-__Ryc2wW.js:5
(anonymous) @ app-Ch4PinNM.js:1
vendor-alpine-__Ryc2wW.js:5 Uncaught TypeError: r.call(...).catch is not a function
    at vendor-alpine-__Ryc2wW.js:5:1137
    at _r (vendor-alpine-__Ryc2wW.js:1:5565)
    at L (vendor-alpine-__Ryc2wW.js:5:143)
    at Function.<anonymous> (vendor-alpine-__Ryc2wW.js:5:33900)
    at n (vendor-alpine-__Ryc2wW.js:5:2378)
    at r (vendor-alpine-__Ryc2wW.js:5:2407)
    at mr (vendor-alpine-__Ryc2wW.js:5:2417)
    at C (vendor-alpine-__Ryc2wW.js:5:5188)
    at vendor-alpine-__Ryc2wW.js:5:4616
    at Array.forEach (<anonymous>)
(anonymous) @ vendor-alpine-__Ryc2wW.js:5
_r @ vendor-alpine-__Ryc2wW.js:1
L @ vendor-alpine-__Ryc2wW.js:5
(anonymous) @ vendor-alpine-__Ryc2wW.js:5
n @ vendor-alpine-__Ryc2wW.js:5
r @ vendor-alpine-__Ryc2wW.js:5
mr @ vendor-alpine-__Ryc2wW.js:5
C @ vendor-alpine-__Ryc2wW.js:5
(anonymous) @ vendor-alpine-__Ryc2wW.js:5
Ar @ vendor-alpine-__Ryc2wW.js:5
(anonymous) @ app-Ch4PinNM.js:1
vendor-alpine-__Ryc2wW.js:5 Uncaught TypeError: r.call(...).catch is not a function
    at vendor-alpine-__Ryc2wW.js:5:1137
    at _r (vendor-alpine-__Ryc2wW.js:1:5565)
    at vendor-alpine-__Ryc2wW.js:5:34809
    at n (vendor-alpine-__Ryc2wW.js:5:18163)
    at Object.gi [as effect] (vendor-alpine-__Ryc2wW.js:5:17951)
    at B (vendor-alpine-__Ryc2wW.js:1:956)
    at vendor-alpine-__Ryc2wW.js:1:1069
    at Function.<anonymous> (vendor-alpine-__Ryc2wW.js:5:34803)
    at n (vendor-alpine-__Ryc2wW.js:5:2378)
    at r (vendor-alpine-__Ryc2wW.js:5:2407)
(anonymous) @ vendor-alpine-__Ryc2wW.js:5
_r @ vendor-alpine-__Ryc2wW.js:1
(anonymous) @ vendor-alpine-__Ryc2wW.js:5
n @ vendor-alpine-__Ryc2wW.js:5
gi @ vendor-alpine-__Ryc2wW.js:5
B @ vendor-alpine-__Ryc2wW.js:1
(anonymous) @ vendor-alpine-__Ryc2wW.js:1
(anonymous) @ vendor-alpine-__Ryc2wW.js:5
n @ vendor-alpine-__Ryc2wW.js:5
r @ vendor-alpine-__Ryc2wW.js:5
mr @ vendor-alpine-__Ryc2wW.js:5
C @ vendor-alpine-__Ryc2wW.js:5
(anonymous) @ vendor-alpine-__Ryc2wW.js:5
Ar @ vendor-alpine-__Ryc2wW.js:5
(anonymous) @ app-Ch4PinNM.js:1
vendor-alpine-__Ryc2wW.js:5 Uncaught TypeError: r.call(...).catch is not a function
    at vendor-alpine-__Ryc2wW.js:5:1137
    at _r (vendor-alpine-__Ryc2wW.js:1:5565)
    at L (vendor-alpine-__Ryc2wW.js:5:143)
    at Function.<anonymous> (vendor-alpine-__Ryc2wW.js:5:33900)
    at n (vendor-alpine-__Ryc2wW.js:5:2378)
    at r (vendor-alpine-__Ryc2wW.js:5:2407)
    at mr (vendor-alpine-__Ryc2wW.js:5:2417)
    at C (vendor-alpine-__Ryc2wW.js:5:5188)
    at vendor-alpine-__Ryc2wW.js:5:4616
    at Array.forEach (<anonymous>)
(anonymous) @ vendor-alpine-__Ryc2wW.js:5
_r @ vendor-alpine-__Ryc2wW.js:1
L @ vendor-alpine-__Ryc2wW.js:5
(anonymous) @ vendor-alpine-__Ryc2wW.js:5
n @ vendor-alpine-__Ryc2wW.js:5
r @ vendor-alpine-__Ryc2wW.js:5
mr @ vendor-alpine-__Ryc2wW.js:5
C @ vendor-alpine-__Ryc2wW.js:5
(anonymous) @ vendor-alpine-__Ryc2wW.js:5
Ar @ vendor-alpine-__Ryc2wW.js:5
(anonymous) @ app-Ch4PinNM.js:1
vendor-alpine-__Ryc2wW.js:5 Uncaught TypeError: r.call(...).catch is not a function
    at vendor-alpine-__Ryc2wW.js:5:1137
    at _r (vendor-alpine-__Ryc2wW.js:1:5565)
    at vendor-alpine-__Ryc2wW.js:5:34809
    at n (vendor-alpine-__Ryc2wW.js:5:18163)
    at Object.gi [as effect] (vendor-alpine-__Ryc2wW.js:5:17951)
    at B (vendor-alpine-__Ryc2wW.js:1:956)
    at vendor-alpine-__Ryc2wW.js:1:1069
    at Function.<anonymous> (vendor-alpine-__Ryc2wW.js:5:34803)
    at n (vendor-alpine-__Ryc2wW.js:5:2378)
    at r (vendor-alpine-__Ryc2wW.js:5:2407)
(anonymous) @ vendor-alpine-__Ryc2wW.js:5
_r @ vendor-alpine-__Ryc2wW.js:1
(anonymous) @ vendor-alpine-__Ryc2wW.js:5
n @ vendor-alpine-__Ryc2wW.js:5
gi @ vendor-alpine-__Ryc2wW.js:5
B @ vendor-alpine-__Ryc2wW.js:1
(anonymous) @ vendor-alpine-__Ryc2wW.js:1
(anonymous) @ vendor-alpine-__Ryc2wW.js:5
n @ vendor-alpine-__Ryc2wW.js:5
r @ vendor-alpine-__Ryc2wW.js:5
mr @ vendor-alpine-__Ryc2wW.js:5
C @ vendor-alpine-__Ryc2wW.js:5
(anonymous) @ vendor-alpine-__Ryc2wW.js:5
Ar @ vendor-alpine-__Ryc2wW.js:5
(anonymous) @ app-Ch4PinNM.js:1
vendor-alpine-__Ryc2wW.js:5 Uncaught TypeError: r.call(...).catch is not a function
    at vendor-alpine-__Ryc2wW.js:5:1137
    at _r (vendor-alpine-__Ryc2wW.js:1:5565)
    at L (vendor-alpine-__Ryc2wW.js:5:143)
    at Function.<anonymous> (vendor-alpine-__Ryc2wW.js:5:33900)
    at n (vendor-alpine-__Ryc2wW.js:5:2378)
    at r (vendor-alpine-__Ryc2wW.js:5:2407)
    at mr (vendor-alpine-__Ryc2wW.js:5:2417)
    at C (vendor-alpine-__Ryc2wW.js:5:5188)
    at vendor-alpine-__Ryc2wW.js:5:4616
    at Array.forEach (<anonymous>)
(anonymous) @ vendor-alpine-__Ryc2wW.js:5
_r @ vendor-alpine-__Ryc2wW.js:1
L @ vendor-alpine-__Ryc2wW.js:5
(anonymous) @ vendor-alpine-__Ryc2wW.js:5
n @ vendor-alpine-__Ryc2wW.js:5
r @ vendor-alpine-__Ryc2wW.js:5
mr @ vendor-alpine-__Ryc2wW.js:5
C @ vendor-alpine-__Ryc2wW.js:5
(anonymous) @ vendor-alpine-__Ryc2wW.js:5
Ar @ vendor-alpine-__Ryc2wW.js:5
(anonymous) @ app-Ch4PinNM.js:1
vendor-alpine-__Ryc2wW.js:5 Uncaught TypeError: r.call(...).catch is not a function
    at vendor-alpine-__Ryc2wW.js:5:1137
    at _r (vendor-alpine-__Ryc2wW.js:1:5565)
    at vendor-alpine-__Ryc2wW.js:5:34809
    at n (vendor-alpine-__Ryc2wW.js:5:18163)
    at Object.gi [as effect] (vendor-alpine-__Ryc2wW.js:5:17951)
    at B (vendor-alpine-__Ryc2wW.js:1:956)
    at vendor-alpine-__Ryc2wW.js:1:1069
    at Function.<anonymous> (vendor-alpine-__Ryc2wW.js:5:34803)
    at n (vendor-alpine-__Ryc2wW.js:5:2378)
    at r (vendor-alpine-__Ryc2wW.js:5:2407)
(anonymous) @ vendor-alpine-__Ryc2wW.js:5
_r @ vendor-alpine-__Ryc2wW.js:1
(anonymous) @ vendor-alpine-__Ryc2wW.js:5
n @ vendor-alpine-__Ryc2wW.js:5
gi @ vendor-alpine-__Ryc2wW.js:5
B @ vendor-alpine-__Ryc2wW.js:1
(anonymous) @ vendor-alpine-__Ryc2wW.js:1
(anonymous) @ vendor-alpine-__Ryc2wW.js:5
n @ vendor-alpine-__Ryc2wW.js:5
r @ vendor-alpine-__Ryc2wW.js:5
mr @ vendor-alpine-__Ryc2wW.js:5
C @ vendor-alpine-__Ryc2wW.js:5
(anonymous) @ vendor-alpine-__Ryc2wW.js:5
Ar @ vendor-alpine-__Ryc2wW.js:5
(anonymous) @ app-Ch4PinNM.js:1
vendor-alpine-__Ryc2wW.js:1 Alpine Expression Error: r.call(...).catch is not a function

Expression: "open = true"

 <div x-show=​"open" @mouseenter=​"open = true" @mouseleave=​"open = false" x-transition class=​"absolute right-0 mt-1 w-80 bg-white rounded-lg shadow-2xl border border-gray-200 z-50 overflow-hidden" style=​"top:​ 100%;​">​…​</div>​
ne @ vendor-alpine-__Ryc2wW.js:1
_r @ vendor-alpine-__Ryc2wW.js:1
(anonymous) @ vendor-alpine-__Ryc2wW.js:5
o @ vendor-alpine-__Ryc2wW.js:5
(anonymous) @ vendor-alpine-__Ryc2wW.js:5
(anonymous) @ vendor-alpine-__Ryc2wW.js:5
vendor-alpine-__Ryc2wW.js:5 Uncaught TypeError: r.call(...).catch is not a function
    at vendor-alpine-__Ryc2wW.js:5:1137
    at _r (vendor-alpine-__Ryc2wW.js:1:5565)
    at vendor-alpine-__Ryc2wW.js:5:38743
    at o (vendor-alpine-__Ryc2wW.js:5:27622)
    at vendor-alpine-__Ryc2wW.js:5:28621
    at HTMLDivElement.<anonymous> (vendor-alpine-__Ryc2wW.js:5:27644)
(anonymous) @ vendor-alpine-__Ryc2wW.js:5
_r @ vendor-alpine-__Ryc2wW.js:1
(anonymous) @ vendor-alpine-__Ryc2wW.js:5
o @ vendor-alpine-__Ryc2wW.js:5
(anonymous) @ vendor-alpine-__Ryc2wW.js:5
(anonymous) @ vendor-alpine-__Ryc2wW.js:5
vendor-alpine-__Ryc2wW.js:1 Alpine Expression Error: r.call(...).catch is not a function

Expression: "open = false"

 <div x-show=​"open" @mouseenter=​"open = true" @mouseleave=​"open = false" x-transition class=​"absolute right-0 mt-1 w-80 bg-white rounded-lg shadow-2xl border border-gray-200 z-50 overflow-hidden" style=​"top:​ 100%;​">​…​</div>​
ne @ vendor-alpine-__Ryc2wW.js:1
_r @ vendor-alpine-__Ryc2wW.js:1
(anonymous) @ vendor-alpine-__Ryc2wW.js:5
o @ vendor-alpine-__Ryc2wW.js:5
(anonymous) @ vendor-alpine-__Ryc2wW.js:5
(anonymous) @ vendor-alpine-__Ryc2wW.js:5
vendor-alpine-__Ryc2wW.js:5 Uncaught TypeError: r.call(...).catch is not a function
    at vendor-alpine-__Ryc2wW.js:5:1137
    at _r (vendor-alpine-__Ryc2wW.js:1:5565)
    at vendor-alpine-__Ryc2wW.js:5:38743
    at o (vendor-alpine-__Ryc2wW.js:5:27622)
    at vendor-alpine-__Ryc2wW.js:5:28621
    at HTMLDivElement.<anonymous> (vendor-alpine-__Ryc2wW.js:5:27644)
(anonymous) @ vendor-alpine-__Ryc2wW.js:5
_r @ vendor-alpine-__Ryc2wW.js:1
(anonymous) @ vendor-alpine-__Ryc2wW.js:5
o @ vendor-alpine-__Ryc2wW.js:5
(anonymous) @ vendor-alpine-__Ryc2wW.js:5
(anonymous) @ vendor-alpine-__Ryc2wW.js:5
